0 info it worked if it ends with ok
1 verbose cli [ 'C:\\Program Files\\nodejs\\node.exe',
1 verbose cli   'C:\\Program Files\\nodejs\\node_modules\\npm\\bin\\npm-cli.js',
1 verbose cli   'link',
1 verbose cli   '..\\panelMeter' ]
2 info using npm@3.8.3
3 info using node@v5.10.1
4 verbose linkPkg C:\Users\John Rucker\NodeCode\PiProjects\panelMeter
5 silly gentlyRm C:\Users\John Rucker\AppData\Roaming\npm\node_modules\panelmeter is being purged
6 verbose gentlyRm don't care about contents; nuking C:\Users\John Rucker\AppData\Roaming\npm\node_modules\panelmeter
7 verbose link build target C:\Users\John Rucker\AppData\Roaming\npm\node_modules\panelmeter
8 silly loadCurrentTree Starting
9 silly install loadCurrentTree
10 silly install readLocalPackageData
11 silly install normalizeTree
12 silly loadCurrentTree Finishing
13 silly loadIdealTree Starting
14 silly install loadIdealTree
15 silly cloneCurrentTree Starting
16 silly install cloneCurrentTreeToIdealTree
17 silly cloneCurrentTree Finishing
18 silly loadShrinkwrap Starting
19 silly install loadShrinkwrap
20 silly loadShrinkwrap Finishing
21 silly loadAllDepsIntoIdealTree Starting
22 silly install loadAllDepsIntoIdealTree
23 silly fetchNamedPackageData rpio
24 silly mapToRegistry name rpio
25 silly mapToRegistry using default registry
26 silly mapToRegistry registry https://registry.npmjs.org/
27 silly mapToRegistry data Result {
27 silly mapToRegistry   raw: 'rpio',
27 silly mapToRegistry   scope: null,
27 silly mapToRegistry   name: 'rpio',
27 silly mapToRegistry   rawSpec: '',
27 silly mapToRegistry   spec: 'latest',
27 silly mapToRegistry   type: 'tag' }
28 silly mapToRegistry uri https://registry.npmjs.org/rpio
29 verbose request uri https://registry.npmjs.org/rpio
30 verbose request no auth needed
31 info attempt registry request try #1 at 11:25:08 AM
32 verbose request id fcd47268972b4dbf
33 verbose etag "73EGDCEQWOAV06FAZ0XKQ4H0R"
34 http request GET https://registry.npmjs.org/rpio
35 http 304 https://registry.npmjs.org/rpio
36 verbose headers { date: 'Tue, 12 Apr 2016 16:25:14 GMT',
36 verbose headers   via: '1.1 varnish',
36 verbose headers   'cache-control': 'max-age=300',
36 verbose headers   etag: '"73EGDCEQWOAV06FAZ0XKQ4H0R"',
36 verbose headers   age: '0',
36 verbose headers   connection: 'keep-alive',
36 verbose headers   'x-served-by': 'cache-dfw1839-DFW',
36 verbose headers   'x-cache': 'MISS',
36 verbose headers   'x-cache-hits': '0',
36 verbose headers   'x-timer': 'S1460478314.391481,VS0,VE51',
36 verbose headers   vary: 'Accept-Encoding' }
37 silly get cb [ 304,
37 silly get   { date: 'Tue, 12 Apr 2016 16:25:14 GMT',
37 silly get     via: '1.1 varnish',
37 silly get     'cache-control': 'max-age=300',
37 silly get     etag: '"73EGDCEQWOAV06FAZ0XKQ4H0R"',
37 silly get     age: '0',
37 silly get     connection: 'keep-alive',
37 silly get     'x-served-by': 'cache-dfw1839-DFW',
37 silly get     'x-cache': 'MISS',
37 silly get     'x-cache-hits': '0',
37 silly get     'x-timer': 'S1460478314.391481,VS0,VE51',
37 silly get     vary: 'Accept-Encoding' } ]
38 verbose etag https://registry.npmjs.org/rpio from cache
39 verbose get saving rpio to C:\Users\John Rucker\AppData\Roaming\npm-cache\registry.npmjs.org\rpio\.cache.json
40 verbose correctMkdir C:\Users\John Rucker\AppData\Roaming\npm-cache correctMkdir not in flight; initializing
41 silly resolveWithNewModule rpio@0.9.10 checking installable status
42 silly cache add args [ 'rpio@^0.9.10', null ]
43 verbose cache add spec rpio@^0.9.10
44 silly cache add parsed spec Result {
44 silly cache add   raw: 'rpio@^0.9.10',
44 silly cache add   scope: null,
44 silly cache add   name: 'rpio',
44 silly cache add   rawSpec: '^0.9.10',
44 silly cache add   spec: '>=0.9.10 <0.10.0',
44 silly cache add   type: 'range' }
45 silly addNamed rpio@>=0.9.10 <0.10.0
46 verbose addNamed ">=0.9.10 <0.10.0" is a valid semver range for rpio
47 silly addNameRange { name: 'rpio', range: '>=0.9.10 <0.10.0', hasData: false }
48 silly mapToRegistry name rpio
49 silly mapToRegistry using default registry
50 silly mapToRegistry registry https://registry.npmjs.org/
51 silly mapToRegistry data Result {
51 silly mapToRegistry   raw: 'rpio',
51 silly mapToRegistry   scope: null,
51 silly mapToRegistry   name: 'rpio',
51 silly mapToRegistry   rawSpec: '',
51 silly mapToRegistry   spec: 'latest',
51 silly mapToRegistry   type: 'tag' }
52 silly mapToRegistry uri https://registry.npmjs.org/rpio
53 verbose addNameRange registry:https://registry.npmjs.org/rpio not in flight; fetching
54 verbose get https://registry.npmjs.org/rpio not expired, no request
55 silly addNameRange number 2 { name: 'rpio', range: '>=0.9.10 <0.10.0', hasData: true }
56 silly addNameRange versions [ 'rpio',
56 silly addNameRange   [ '0.0.1',
56 silly addNameRange     '0.0.2',
56 silly addNameRange     '0.0.3',
56 silly addNameRange     '0.0.4',
56 silly addNameRange     '0.0.5',
56 silly addNameRange     '0.0.6',
56 silly addNameRange     '0.0.7',
56 silly addNameRange     '0.0.8',
56 silly addNameRange     '0.0.9',
56 silly addNameRange     '0.0.10',
56 silly addNameRange     '0.1.0',
56 silly addNameRange     '0.1.1',
56 silly addNameRange     '0.1.2',
56 silly addNameRange     '0.2.0',
56 silly addNameRange     '0.2.1',
56 silly addNameRange     '0.2.2',
56 silly addNameRange     '0.2.3',
56 silly addNameRange     '0.3.0',
56 silly addNameRange     '0.3.1',
56 silly addNameRange     '0.4.0',
56 silly addNameRange     '0.4.1',
56 silly addNameRange     '0.4.2',
56 silly addNameRange     '0.4.3',
56 silly addNameRange     '0.4.4',
56 silly addNameRange     '0.4.5',
56 silly addNameRange     '0.5.0',
56 silly addNameRange     '0.5.1',
56 silly addNameRange     '0.6.0',
56 silly addNameRange     '0.6.1',
56 silly addNameRange     '0.6.2',
56 silly addNameRange     '0.6.3',
56 silly addNameRange     '0.6.4',
56 silly addNameRange     '0.6.5',
56 silly addNameRange     '0.6.6',
56 silly addNameRange     '0.7.0',
56 silly addNameRange     '0.8.0',
56 silly addNameRange     '0.8.1',
56 silly addNameRange     '0.8.2',
56 silly addNameRange     '0.8.3',
56 silly addNameRange     '0.8.4',
56 silly addNameRange     '0.8.5',
56 silly addNameRange     '0.8.6',
56 silly addNameRange     '0.8.7',
56 silly addNameRange     '0.8.8',
56 silly addNameRange     '0.8.9',
56 silly addNameRange     '0.8.10',
56 silly addNameRange     '0.8.11',
56 silly addNameRange     '0.9.0',
56 silly addNameRange     '0.9.1',
56 silly addNameRange     '0.9.2',
56 silly addNameRange     '0.9.3',
56 silly addNameRange     '0.9.4',
56 silly addNameRange     '0.9.5',
56 silly addNameRange     '0.9.6',
56 silly addNameRange     '0.9.7',
56 silly addNameRange     '0.9.8',
56 silly addNameRange     '0.9.9',
56 silly addNameRange     '0.9.10' ] ]
57 silly addNamed rpio@0.9.10
58 verbose addNamed "0.9.10" is a plain semver version for rpio
59 silly cache afterAdd rpio@0.9.10
60 verbose afterAdd C:\Users\John Rucker\AppData\Roaming\npm-cache\rpio\0.9.10\package\package.json not in flight; writing
61 verbose correctMkdir C:\Users\John Rucker\AppData\Roaming\npm-cache correctMkdir not in flight; initializing
62 verbose afterAdd C:\Users\John Rucker\AppData\Roaming\npm-cache\rpio\0.9.10\package\package.json written
63 silly fetchNamedPackageData bindings
64 silly mapToRegistry name bindings
65 silly mapToRegistry using default registry
66 silly mapToRegistry registry https://registry.npmjs.org/
67 silly mapToRegistry data Result {
67 silly mapToRegistry   raw: 'bindings',
67 silly mapToRegistry   scope: null,
67 silly mapToRegistry   name: 'bindings',
67 silly mapToRegistry   rawSpec: '',
67 silly mapToRegistry   spec: 'latest',
67 silly mapToRegistry   type: 'tag' }
68 silly mapToRegistry uri https://registry.npmjs.org/bindings
69 silly fetchNamedPackageData nan
70 silly mapToRegistry name nan
71 silly mapToRegistry using default registry
72 silly mapToRegistry registry https://registry.npmjs.org/
73 silly mapToRegistry data Result {
73 silly mapToRegistry   raw: 'nan',
73 silly mapToRegistry   scope: null,
73 silly mapToRegistry   name: 'nan',
73 silly mapToRegistry   rawSpec: '',
73 silly mapToRegistry   spec: 'latest',
73 silly mapToRegistry   type: 'tag' }
74 silly mapToRegistry uri https://registry.npmjs.org/nan
75 verbose request uri https://registry.npmjs.org/bindings
76 verbose request no auth needed
77 info attempt registry request try #1 at 11:25:09 AM
78 verbose etag "4ZQ9WLHJ86658NNDL9B153ZC0"
79 http request GET https://registry.npmjs.org/bindings
80 verbose request uri https://registry.npmjs.org/nan
81 verbose request no auth needed
82 info attempt registry request try #1 at 11:25:09 AM
83 verbose etag "2UZKQOUIL0TMX4WY7FZ5Q5HJQ"
84 http request GET https://registry.npmjs.org/nan
85 http 200 https://registry.npmjs.org/bindings
86 verbose headers { server: 'CouchDB/1.5.0 (Erlang OTP/R16B03)',
86 verbose headers   etag: '"1LLBF9OH58DLBEL4629U6032D"',
86 verbose headers   'content-type': 'application/json',
86 verbose headers   'cache-control': 'max-age=300',
86 verbose headers   'content-length': '18081',
86 verbose headers   'accept-ranges': 'bytes',
86 verbose headers   date: 'Tue, 12 Apr 2016 16:25:14 GMT',
86 verbose headers   via: '1.1 varnish',
86 verbose headers   age: '19',
86 verbose headers   connection: 'keep-alive',
86 verbose headers   'x-served-by': 'cache-dfw1839-DFW',
86 verbose headers   'x-cache': 'HIT',
86 verbose headers   'x-cache-hits': '1',
86 verbose headers   'x-timer': 'S1460478314.555494,VS0,VE0',
86 verbose headers   vary: 'Accept-Encoding' }
87 silly get cb [ 200,
87 silly get   { server: 'CouchDB/1.5.0 (Erlang OTP/R16B03)',
87 silly get     etag: '"1LLBF9OH58DLBEL4629U6032D"',
87 silly get     'content-type': 'application/json',
87 silly get     'cache-control': 'max-age=300',
87 silly get     'content-length': '18081',
87 silly get     'accept-ranges': 'bytes',
87 silly get     date: 'Tue, 12 Apr 2016 16:25:14 GMT',
87 silly get     via: '1.1 varnish',
87 silly get     age: '19',
87 silly get     connection: 'keep-alive',
87 silly get     'x-served-by': 'cache-dfw1839-DFW',
87 silly get     'x-cache': 'HIT',
87 silly get     'x-cache-hits': '1',
87 silly get     'x-timer': 'S1460478314.555494,VS0,VE0',
87 silly get     vary: 'Accept-Encoding' } ]
88 verbose get saving bindings to C:\Users\John Rucker\AppData\Roaming\npm-cache\registry.npmjs.org\bindings\.cache.json
89 verbose correctMkdir C:\Users\John Rucker\AppData\Roaming\npm-cache correctMkdir not in flight; initializing
90 silly resolveWithNewModule bindings@1.2.1 checking installable status
91 silly cache add args [ 'bindings@*', null ]
92 verbose cache add spec bindings@*
93 silly cache add parsed spec Result {
93 silly cache add   raw: 'bindings@*',
93 silly cache add   scope: null,
93 silly cache add   name: 'bindings',
93 silly cache add   rawSpec: '*',
93 silly cache add   spec: '*',
93 silly cache add   type: 'range' }
94 silly addNamed bindings@*
95 verbose addNamed "*" is a valid semver range for bindings
96 silly addNameRange { name: 'bindings', range: '*', hasData: false }
97 silly mapToRegistry name bindings
98 silly mapToRegistry using default registry
99 silly mapToRegistry registry https://registry.npmjs.org/
100 silly mapToRegistry data Result {
100 silly mapToRegistry   raw: 'bindings',
100 silly mapToRegistry   scope: null,
100 silly mapToRegistry   name: 'bindings',
100 silly mapToRegistry   rawSpec: '',
100 silly mapToRegistry   spec: 'latest',
100 silly mapToRegistry   type: 'tag' }
101 silly mapToRegistry uri https://registry.npmjs.org/bindings
102 verbose addNameRange registry:https://registry.npmjs.org/bindings not in flight; fetching
103 verbose get https://registry.npmjs.org/bindings not expired, no request
104 silly addNameRange number 2 { name: 'bindings', range: '*', hasData: true }
105 silly addNameRange versions [ 'bindings',
105 silly addNameRange   [ '0.0.1',
105 silly addNameRange     '0.1.0',
105 silly addNameRange     '0.1.1',
105 silly addNameRange     '0.2.0',
105 silly addNameRange     '0.2.1',
105 silly addNameRange     '0.2.2',
105 silly addNameRange     '0.2.3',
105 silly addNameRange     '0.2.4',
105 silly addNameRange     '0.3.0',
105 silly addNameRange     '0.4.0',
105 silly addNameRange     '1.0.0',
105 silly addNameRange     '1.1.0',
105 silly addNameRange     '1.1.1',
105 silly addNameRange     '1.2.0',
105 silly addNameRange     '1.2.1' ] ]
106 silly addNamed bindings@1.2.1
107 verbose addNamed "1.2.1" is a plain semver version for bindings
108 silly cache afterAdd bindings@1.2.1
109 verbose afterAdd C:\Users\John Rucker\AppData\Roaming\npm-cache\bindings\1.2.1\package\package.json not in flight; writing
110 verbose correctMkdir C:\Users\John Rucker\AppData\Roaming\npm-cache correctMkdir not in flight; initializing
111 verbose afterAdd C:\Users\John Rucker\AppData\Roaming\npm-cache\bindings\1.2.1\package\package.json written
112 http 304 https://registry.npmjs.org/nan
113 verbose headers { date: 'Tue, 12 Apr 2016 16:25:14 GMT',
113 verbose headers   via: '1.1 varnish',
113 verbose headers   'cache-control': 'max-age=300',
113 verbose headers   etag: '"2UZKQOUIL0TMX4WY7FZ5Q5HJQ"',
113 verbose headers   age: '122',
113 verbose headers   connection: 'keep-alive',
113 verbose headers   'x-served-by': 'cache-dfw1829-DFW',
113 verbose headers   'x-cache': 'HIT',
113 verbose headers   'x-cache-hits': '5',
113 verbose headers   'x-timer': 'S1460478314.627890,VS0,VE0',
113 verbose headers   vary: 'Accept-Encoding' }
114 silly get cb [ 304,
114 silly get   { date: 'Tue, 12 Apr 2016 16:25:14 GMT',
114 silly get     via: '1.1 varnish',
114 silly get     'cache-control': 'max-age=300',
114 silly get     etag: '"2UZKQOUIL0TMX4WY7FZ5Q5HJQ"',
114 silly get     age: '122',
114 silly get     connection: 'keep-alive',
114 silly get     'x-served-by': 'cache-dfw1829-DFW',
114 silly get     'x-cache': 'HIT',
114 silly get     'x-cache-hits': '5',
114 silly get     'x-timer': 'S1460478314.627890,VS0,VE0',
114 silly get     vary: 'Accept-Encoding' } ]
115 verbose etag https://registry.npmjs.org/nan from cache
116 verbose get saving nan to C:\Users\John Rucker\AppData\Roaming\npm-cache\registry.npmjs.org\nan\.cache.json
117 verbose correctMkdir C:\Users\John Rucker\AppData\Roaming\npm-cache correctMkdir not in flight; initializing
118 silly resolveWithNewModule nan@2.2.1 checking installable status
119 silly cache add args [ 'nan@*', null ]
120 verbose cache add spec nan@*
121 silly cache add parsed spec Result {
121 silly cache add   raw: 'nan@*',
121 silly cache add   scope: null,
121 silly cache add   name: 'nan',
121 silly cache add   rawSpec: '*',
121 silly cache add   spec: '*',
121 silly cache add   type: 'range' }
122 silly addNamed nan@*
123 verbose addNamed "*" is a valid semver range for nan
124 silly addNameRange { name: 'nan', range: '*', hasData: false }
125 silly mapToRegistry name nan
126 silly mapToRegistry using default registry
127 silly mapToRegistry registry https://registry.npmjs.org/
128 silly mapToRegistry data Result {
128 silly mapToRegistry   raw: 'nan',
128 silly mapToRegistry   scope: null,
128 silly mapToRegistry   name: 'nan',
128 silly mapToRegistry   rawSpec: '',
128 silly mapToRegistry   spec: 'latest',
128 silly mapToRegistry   type: 'tag' }
129 silly mapToRegistry uri https://registry.npmjs.org/nan
130 verbose addNameRange registry:https://registry.npmjs.org/nan not in flight; fetching
131 verbose get https://registry.npmjs.org/nan not expired, no request
132 silly addNameRange number 2 { name: 'nan', range: '*', hasData: true }
133 silly addNameRange versions [ 'nan',
133 silly addNameRange   [ '0.3.0-wip',
133 silly addNameRange     '0.3.0-wip2',
133 silly addNameRange     '0.3.0',
133 silly addNameRange     '0.3.1',
133 silly addNameRange     '0.3.2',
133 silly addNameRange     '0.4.0',
133 silly addNameRange     '0.4.1',
133 silly addNameRange     '0.4.2',
133 silly addNameRange     '0.4.3',
133 silly addNameRange     '0.4.4',
133 silly addNameRange     '0.5.0',
133 silly addNameRange     '0.5.1',
133 silly addNameRange     '0.5.2',
133 silly addNameRange     '0.6.0',
133 silly addNameRange     '0.7.0',
133 silly addNameRange     '0.7.1',
133 silly addNameRange     '0.8.0',
133 silly addNameRange     '1.0.0',
133 silly addNameRange     '1.1.0',
133 silly addNameRange     '1.1.1',
133 silly addNameRange     '1.1.2',
133 silly addNameRange     '1.2.0',
133 silly addNameRange     '1.3.0',
133 silly addNameRange     '1.4.0',
133 silly addNameRange     '1.4.1',
133 silly addNameRange     '1.5.0',
133 silly addNameRange     '1.4.2',
133 silly addNameRange     '1.4.3',
133 silly addNameRange     '1.5.1',
133 silly addNameRange     '1.5.2',
133 silly addNameRange     '1.6.0',
133 silly addNameRange     '1.5.3',
133 silly addNameRange     '1.6.1',
133 silly addNameRange     '1.6.2',
133 silly addNameRange     '1.7.0',
133 silly addNameRange     '1.8.0',
133 silly addNameRange     '1.8.1',
133 silly addNameRange     '1.8.2',
133 silly addNameRange     '1.8.3',
133 silly addNameRange     '1.8.4',
133 silly addNameRange     '1.9.0',
133 silly addNameRange     '2.0.0',
133 silly addNameRange     '2.0.1',
133 silly addNameRange     '2.0.2',
133 silly addNameRange     '2.0.3',
133 silly addNameRange     '2.0.4',
133 silly addNameRange     '2.0.5',
133 silly addNameRange     '2.0.6',
133 silly addNameRange     '2.0.7',
133 silly addNameRange     '2.0.8',
133 silly addNameRange     '2.0.9',
133 silly addNameRange     '2.1.0',
133 silly addNameRange     '2.2.0',
133 silly addNameRange     '2.2.1' ] ]
134 silly addNamed nan@2.2.1
135 verbose addNamed "2.2.1" is a plain semver version for nan
136 silly cache afterAdd nan@2.2.1
137 verbose afterAdd C:\Users\John Rucker\AppData\Roaming\npm-cache\nan\2.2.1\package\package.json not in flight; writing
138 verbose correctMkdir C:\Users\John Rucker\AppData\Roaming\npm-cache correctMkdir not in flight; initializing
139 verbose afterAdd C:\Users\John Rucker\AppData\Roaming\npm-cache\nan\2.2.1\package\package.json written
140 silly loadAllDepsIntoIdealTree Finishing
141 silly idealTree:prePrune panelmeter@1.0.0
141 silly idealTree:prePrune +-- bindings@1.2.1
141 silly idealTree:prePrune +-- nan@2.2.1
141 silly idealTree:prePrune `-- rpio@0.9.10
142 silly loadIdealTree Finishing
143 silly currentTree panelmeter@1.0.0
144 silly idealTree panelmeter@1.0.0
144 silly idealTree +-- bindings@1.2.1
144 silly idealTree +-- nan@2.2.1
144 silly idealTree `-- rpio@0.9.10
145 silly generateActionsToTake Starting
146 silly install generateActionsToTake
147 silly generateActionsToTake Finishing
148 silly diffTrees action count 3
149 silly diffTrees add bindings@1.2.1
150 silly diffTrees add nan@2.2.1
151 silly diffTrees add rpio@0.9.10
152 silly decomposeActions action count 24
153 silly decomposeActions fetch bindings@1.2.1
154 silly decomposeActions extract bindings@1.2.1
155 silly decomposeActions test bindings@1.2.1
156 silly decomposeActions preinstall bindings@1.2.1
157 silly decomposeActions build bindings@1.2.1
158 silly decomposeActions install bindings@1.2.1
159 silly decomposeActions postinstall bindings@1.2.1
160 silly decomposeActions finalize bindings@1.2.1
161 silly decomposeActions fetch nan@2.2.1
162 silly decomposeActions extract nan@2.2.1
163 silly decomposeActions test nan@2.2.1
164 silly decomposeActions preinstall nan@2.2.1
165 silly decomposeActions build nan@2.2.1
166 silly decomposeActions install nan@2.2.1
167 silly decomposeActions postinstall nan@2.2.1
168 silly decomposeActions finalize nan@2.2.1
169 silly decomposeActions fetch rpio@0.9.10
170 silly decomposeActions extract rpio@0.9.10
171 silly decomposeActions test rpio@0.9.10
172 silly decomposeActions preinstall rpio@0.9.10
173 silly decomposeActions build rpio@0.9.10
174 silly decomposeActions install rpio@0.9.10
175 silly decomposeActions postinstall rpio@0.9.10
176 silly decomposeActions finalize rpio@0.9.10
177 silly executeActions Starting
178 silly install executeActions
179 silly doSerial global-install 0
180 silly doParallel fetch 3
181 verbose correctMkdir C:\Users\John Rucker\AppData\Roaming\npm-cache\_locks correctMkdir not in flight; initializing
182 verbose lock using C:\Users\John Rucker\AppData\Roaming\npm-cache\_locks\staging-3f9fca62c4cc1aec.lock for C:\Users\John Rucker\NodeCode\PiProjects\panelMeter\node_modules\.staging
183 silly doParallel extract 3
184 silly extract bindings@1.2.1
185 silly extract nan@2.2.1
186 silly extract rpio@0.9.10
187 verbose unbuild ode_modules\.staging\bindings-24e6297b
188 verbose unbuild ode_modules\.staging\nan-f6951464
189 verbose unbuild ode_modules\.staging\rpio-1723acc7
190 silly gentlyRm C:\Users\John Rucker\NodeCode\PiProjects\panelMeter\node_modules\.staging\bindings-24e6297b is being purged from base C:\Users\John Rucker\NodeCode\PiProjects\panelMeter\node_modules\.staging\bindings-24e6297b
191 verbose gentlyRm don't care about contents; nuking C:\Users\John Rucker\NodeCode\PiProjects\panelMeter\node_modules\.staging\bindings-24e6297b
192 silly gentlyRm C:\Users\John Rucker\NodeCode\PiProjects\panelMeter\node_modules\.staging\nan-f6951464 is being purged from base C:\Users\John Rucker\NodeCode\PiProjects\panelMeter\node_modules\.staging\nan-f6951464
193 verbose gentlyRm don't care about contents; nuking C:\Users\John Rucker\NodeCode\PiProjects\panelMeter\node_modules\.staging\nan-f6951464
194 verbose tar unpack C:\Users\John Rucker\AppData\Roaming\npm-cache\bindings\1.2.1\package.tgz
195 verbose tar unpacking to C:\Users\John Rucker\NodeCode\PiProjects\panelMeter\node_modules\.staging\bindings-24e6297b
196 silly gentlyRm C:\Users\John Rucker\NodeCode\PiProjects\panelMeter\node_modules\.staging\bindings-24e6297b is being purged
197 verbose gentlyRm don't care about contents; nuking C:\Users\John Rucker\NodeCode\PiProjects\panelMeter\node_modules\.staging\bindings-24e6297b
198 silly gentlyRm C:\Users\John Rucker\NodeCode\PiProjects\panelMeter\node_modules\.staging\rpio-1723acc7 is being purged from base C:\Users\John Rucker\NodeCode\PiProjects\panelMeter\node_modules\.staging\rpio-1723acc7
199 verbose gentlyRm don't care about contents; nuking C:\Users\John Rucker\NodeCode\PiProjects\panelMeter\node_modules\.staging\rpio-1723acc7
200 verbose tar unpack C:\Users\John Rucker\AppData\Roaming\npm-cache\nan\2.2.1\package.tgz
201 verbose tar unpacking to C:\Users\John Rucker\NodeCode\PiProjects\panelMeter\node_modules\.staging\nan-f6951464
202 silly gentlyRm C:\Users\John Rucker\NodeCode\PiProjects\panelMeter\node_modules\.staging\nan-f6951464 is being purged
203 verbose gentlyRm don't care about contents; nuking C:\Users\John Rucker\NodeCode\PiProjects\panelMeter\node_modules\.staging\nan-f6951464
204 silly gunzTarPerm modes [ '777', '666' ]
205 verbose tar unpack C:\Users\John Rucker\AppData\Roaming\npm-cache\rpio\0.9.10\package.tgz
206 verbose tar unpacking to C:\Users\John Rucker\NodeCode\PiProjects\panelMeter\node_modules\.staging\rpio-1723acc7
207 silly gentlyRm C:\Users\John Rucker\NodeCode\PiProjects\panelMeter\node_modules\.staging\rpio-1723acc7 is being purged
208 verbose gentlyRm don't care about contents; nuking C:\Users\John Rucker\NodeCode\PiProjects\panelMeter\node_modules\.staging\rpio-1723acc7
209 silly gunzTarPerm modes [ '777', '666' ]
210 silly gunzTarPerm modes [ '777', '666' ]
211 silly gunzTarPerm extractEntry package.json
212 silly gunzTarPerm modified mode [ 'package.json', 420, 438 ]
213 silly gunzTarPerm extractEntry package.json
214 silly gunzTarPerm modified mode [ 'package.json', 436, 438 ]
215 silly gunzTarPerm extractEntry package.json
216 silly gunzTarPerm modified mode [ 'package.json', 420, 438 ]
217 silly gunzTarPerm extractEntry README.md
218 silly gunzTarPerm modified mode [ 'README.md', 420, 438 ]
219 silly gunzTarPerm extractEntry bindings.js
220 silly gunzTarPerm modified mode [ 'bindings.js', 420, 438 ]
221 silly gunzTarPerm extractEntry include_dirs.js
222 silly gunzTarPerm modified mode [ 'include_dirs.js', 436, 438 ]
223 silly gunzTarPerm extractEntry nan_converters.h
224 silly gunzTarPerm modified mode [ 'nan_converters.h', 436, 438 ]
225 silly gunzTarPerm extractEntry README.md
226 silly gunzTarPerm modified mode [ 'README.md', 420, 438 ]
227 silly gunzTarPerm extractEntry .travis.yml
228 silly gunzTarPerm modified mode [ '.travis.yml', 420, 438 ]
229 silly gunzTarPerm extractEntry LICENSE.md
230 silly gunzTarPerm modified mode [ 'LICENSE.md', 436, 438 ]
231 silly gunzTarPerm extractEntry .dntrc
232 silly gunzTarPerm modified mode [ '.dntrc', 436, 438 ]
233 silly gunzTarPerm extractEntry binding.gyp
234 silly gunzTarPerm modified mode [ 'binding.gyp', 420, 438 ]
235 silly gunzTarPerm extractEntry build/Makefile
236 silly gunzTarPerm modified mode [ 'build/Makefile', 420, 438 ]
237 silly gunzTarPerm extractEntry build/Release/.deps/Release/obj.target/rpio/src/bcm2835.o.d
238 silly gunzTarPerm modified mode [ 'build/Release/.deps/Release/obj.target/rpio/src/bcm2835.o.d',
238 silly gunzTarPerm   420,
238 silly gunzTarPerm   438 ]
239 silly gunzTarPerm extractEntry build/Release/.deps/Release/obj.target/rpio/src/rpio.o.d
240 silly gunzTarPerm modified mode [ 'build/Release/.deps/Release/obj.target/rpio/src/rpio.o.d',
240 silly gunzTarPerm   420,
240 silly gunzTarPerm   438 ]
241 silly gunzTarPerm extractEntry appveyor.yml
242 silly gunzTarPerm modified mode [ 'appveyor.yml', 436, 438 ]
243 silly gunzTarPerm extractEntry doc/new.md
244 silly gunzTarPerm modified mode [ 'doc/new.md', 436, 438 ]
245 silly gunzTarPerm extractEntry doc/.build.sh
246 silly gunzTarPerm modified mode [ 'doc/.build.sh', 509, 511 ]
247 silly gunzTarPerm extractEntry doc/buffers.md
248 silly gunzTarPerm modified mode [ 'doc/buffers.md', 436, 438 ]
249 silly gunzTarPerm extractEntry doc/callback.md
250 silly gunzTarPerm modified mode [ 'doc/callback.md', 436, 438 ]
251 silly gunzTarPerm extractEntry build/Release/.deps/Release/rpio.node.d
252 silly gunzTarPerm modified mode [ 'build/Release/.deps/Release/rpio.node.d', 420, 438 ]
253 silly gunzTarPerm extractEntry build/Release/obj.target/rpio/src/bcm2835.o
254 silly gunzTarPerm modified mode [ 'build/Release/obj.target/rpio/src/bcm2835.o', 420, 438 ]
255 silly gunzTarPerm extractEntry build/Release/obj.target/rpio/src/rpio.o
256 silly gunzTarPerm modified mode [ 'build/Release/obj.target/rpio/src/rpio.o', 420, 438 ]
257 silly gunzTarPerm extractEntry doc/converters.md
258 silly gunzTarPerm modified mode [ 'doc/converters.md', 436, 438 ]
259 silly gunzTarPerm extractEntry doc/errors.md
260 silly gunzTarPerm modified mode [ 'doc/errors.md', 436, 438 ]
261 silly gunzTarPerm extractEntry doc/maybe_types.md
262 silly gunzTarPerm modified mode [ 'doc/maybe_types.md', 436, 438 ]
263 silly gunzTarPerm extractEntry doc/methods.md
264 silly gunzTarPerm modified mode [ 'doc/methods.md', 436, 438 ]
265 silly gunzTarPerm extractEntry build/Release/rpio.node
266 silly gunzTarPerm modified mode [ 'build/Release/rpio.node', 493, 511 ]
267 silly gentlyRm C:\Users\John Rucker\NodeCode\PiProjects\panelMeter\node_modules\.staging\bindings-24e6297b\node_modules is being purged
268 verbose gentlyRm don't care about contents; nuking C:\Users\John Rucker\NodeCode\PiProjects\panelMeter\node_modules\.staging\bindings-24e6297b\node_modules
269 silly gunzTarPerm extractEntry doc/asyncworker.md
270 silly gunzTarPerm modified mode [ 'doc/asyncworker.md', 436, 438 ]
271 silly gunzTarPerm extractEntry doc/node_misc.md
272 silly gunzTarPerm modified mode [ 'doc/node_misc.md', 436, 438 ]
273 silly gunzTarPerm extractEntry doc/object_wrappers.md
274 silly gunzTarPerm modified mode [ 'doc/object_wrappers.md', 436, 438 ]
275 silly gunzTarPerm extractEntry doc/persistent.md
276 silly gunzTarPerm modified mode [ 'doc/persistent.md', 436, 438 ]
277 silly gunzTarPerm extractEntry doc/scopes.md
278 silly gunzTarPerm modified mode [ 'doc/scopes.md', 436, 438 ]
279 silly gunzTarPerm extractEntry doc/script.md
280 silly gunzTarPerm modified mode [ 'doc/script.md', 436, 438 ]
281 silly gunzTarPerm extractEntry build/binding.Makefile
282 silly gunzTarPerm modified mode [ 'build/binding.Makefile', 420, 438 ]
283 silly gunzTarPerm extractEntry doc/string_bytes.md
284 silly gunzTarPerm modified mode [ 'doc/string_bytes.md', 436, 438 ]
285 silly gunzTarPerm extractEntry doc/v8_internals.md
286 silly gunzTarPerm modified mode [ 'doc/v8_internals.md', 436, 438 ]
287 silly gunzTarPerm extractEntry doc/v8_misc.md
288 silly gunzTarPerm modified mode [ 'doc/v8_misc.md', 436, 438 ]
289 silly gunzTarPerm extractEntry nan.h
290 silly gunzTarPerm modified mode [ 'nan.h', 436, 438 ]
291 silly gunzTarPerm extractEntry build/gyp-mac-tool
292 silly gunzTarPerm modified mode [ 'build/gyp-mac-tool', 493, 511 ]
293 silly gunzTarPerm extractEntry build/rpio.target.mk
294 silly gunzTarPerm modified mode [ 'build/rpio.target.mk', 420, 438 ]
295 silly gunzTarPerm extractEntry examples/button.js
296 silly gunzTarPerm modified mode [ 'examples/button.js', 420, 438 ]
297 silly gunzTarPerm extractEntry examples/dht11.js
298 silly gunzTarPerm modified mode [ 'examples/dht11.js', 420, 438 ]
299 silly gunzTarPerm extractEntry examples/i2c-lcd.js
300 silly gunzTarPerm modified mode [ 'examples/i2c-lcd.js', 420, 438 ]
301 silly gunzTarPerm extractEntry examples/padcontrol.js
302 silly gunzTarPerm modified mode [ 'examples/padcontrol.js', 420, 438 ]
303 silly gunzTarPerm extractEntry examples/pwm-led.js
304 silly gunzTarPerm modified mode [ 'examples/pwm-led.js', 420, 438 ]
305 silly gunzTarPerm extractEntry examples/spi-at93c46.js
306 silly gunzTarPerm modified mode [ 'examples/spi-at93c46.js', 420, 438 ]
307 silly gunzTarPerm extractEntry lib/rpio.js
308 silly gunzTarPerm modified mode [ 'lib/rpio.js', 420, 438 ]
309 silly gunzTarPerm extractEntry src/bcm2835.c
310 silly gunzTarPerm modified mode [ 'src/bcm2835.c', 420, 438 ]
311 silly gunzTarPerm extractEntry src/bcm2835.h
312 silly gunzTarPerm modified mode [ 'src/bcm2835.h', 420, 438 ]
313 silly gunzTarPerm extractEntry src/rpio.cc
314 silly gunzTarPerm modified mode [ 'src/rpio.cc', 420, 438 ]
315 silly gunzTarPerm extractEntry nan_callbacks.h
316 silly gunzTarPerm modified mode [ 'nan_callbacks.h', 436, 438 ]
317 silly gunzTarPerm extractEntry nan_callbacks_12_inl.h
318 silly gunzTarPerm modified mode [ 'nan_callbacks_12_inl.h', 436, 438 ]
319 silly gunzTarPerm extractEntry nan_callbacks_pre_12_inl.h
320 silly gunzTarPerm modified mode [ 'nan_callbacks_pre_12_inl.h', 436, 438 ]
321 silly gunzTarPerm extractEntry nan_converters_43_inl.h
322 silly gunzTarPerm modified mode [ 'nan_converters_43_inl.h', 436, 438 ]
323 silly gunzTarPerm extractEntry nan_converters_pre_43_inl.h
324 silly gunzTarPerm modified mode [ 'nan_converters_pre_43_inl.h', 436, 438 ]
325 silly gunzTarPerm extractEntry nan_implementation_12_inl.h
326 silly gunzTarPerm modified mode [ 'nan_implementation_12_inl.h', 436, 438 ]
327 silly gunzTarPerm extractEntry nan_implementation_pre_12_inl.h
328 silly gunzTarPerm modified mode [ 'nan_implementation_pre_12_inl.h', 436, 438 ]
329 silly gunzTarPerm extractEntry nan_maybe_43_inl.h
330 silly gunzTarPerm modified mode [ 'nan_maybe_43_inl.h', 436, 438 ]
331 silly gunzTarPerm extractEntry nan_maybe_pre_43_inl.h
332 silly gunzTarPerm modified mode [ 'nan_maybe_pre_43_inl.h', 436, 438 ]
333 silly gunzTarPerm extractEntry nan_new.h
334 silly gunzTarPerm modified mode [ 'nan_new.h', 436, 438 ]
335 silly gunzTarPerm extractEntry nan_object_wrap.h
336 silly gunzTarPerm modified mode [ 'nan_object_wrap.h', 436, 438 ]
337 silly gunzTarPerm extractEntry nan_persistent_12_inl.h
338 silly gunzTarPerm modified mode [ 'nan_persistent_12_inl.h', 436, 438 ]
339 silly gunzTarPerm extractEntry nan_persistent_pre_12_inl.h
340 silly gunzTarPerm modified mode [ 'nan_persistent_pre_12_inl.h', 436, 438 ]
341 silly gunzTarPerm extractEntry nan_string_bytes.h
342 silly gunzTarPerm modified mode [ 'nan_string_bytes.h', 436, 438 ]
343 silly gunzTarPerm extractEntry nan_typedarray_contents.h
344 silly gunzTarPerm modified mode [ 'nan_typedarray_contents.h', 436, 438 ]
345 silly gunzTarPerm extractEntry nan_weak.h
346 silly gunzTarPerm modified mode [ 'nan_weak.h', 436, 438 ]
347 silly gunzTarPerm extractEntry CHANGELOG.md
348 silly gunzTarPerm modified mode [ 'CHANGELOG.md', 436, 438 ]
349 silly gunzTarPerm extractEntry tools/package.json
350 silly gunzTarPerm modified mode [ 'tools/package.json', 436, 438 ]
351 silly gunzTarPerm extractEntry tools/README.md
352 silly gunzTarPerm modified mode [ 'tools/README.md', 436, 438 ]
353 silly gunzTarPerm extractEntry tools/1to2.js
354 silly gunzTarPerm modified mode [ 'tools/1to2.js', 509, 511 ]
355 silly gentlyRm C:\Users\John Rucker\NodeCode\PiProjects\panelMeter\node_modules\.staging\rpio-1723acc7\node_modules is being purged
356 verbose gentlyRm don't care about contents; nuking C:\Users\John Rucker\NodeCode\PiProjects\panelMeter\node_modules\.staging\rpio-1723acc7\node_modules
357 silly gentlyRm C:\Users\John Rucker\NodeCode\PiProjects\panelMeter\node_modules\.staging\nan-f6951464\node_modules is being purged
358 verbose gentlyRm don't care about contents; nuking C:\Users\John Rucker\NodeCode\PiProjects\panelMeter\node_modules\.staging\nan-f6951464\node_modules
359 silly doParallel preinstall 3
360 silly preinstall bindings@1.2.1 C:\Users\John Rucker\NodeCode\PiProjects\panelMeter\node_modules\.staging\bindings-24e6297b
361 info lifecycle bindings@1.2.1~preinstall: bindings@1.2.1
362 silly preinstall nan@2.2.1 C:\Users\John Rucker\NodeCode\PiProjects\panelMeter\node_modules\.staging\nan-f6951464
363 info lifecycle nan@2.2.1~preinstall: nan@2.2.1
364 silly preinstall rpio@0.9.10 C:\Users\John Rucker\NodeCode\PiProjects\panelMeter\node_modules\.staging\rpio-1723acc7
365 info lifecycle rpio@0.9.10~preinstall: rpio@0.9.10
366 silly lifecycle bindings@1.2.1~preinstall: no script for preinstall, continuing
367 silly lifecycle nan@2.2.1~preinstall: no script for preinstall, continuing
368 silly lifecycle rpio@0.9.10~preinstall: no script for preinstall, continuing
369 silly doReverseSerial remove 0
370 silly doSerial move 0
371 silly doSerial finalize 3
372 silly finalize C:\Users\John Rucker\NodeCode\PiProjects\panelMeter\node_modules\bindings
373 silly finalize C:\Users\John Rucker\NodeCode\PiProjects\panelMeter\node_modules\nan
374 silly finalize C:\Users\John Rucker\NodeCode\PiProjects\panelMeter\node_modules\rpio
375 silly doSerial build 3
376 silly build bindings@1.2.1
377 info linkStuff bindings@1.2.1
378 silly linkStuff bindings@1.2.1 has C:\Users\John Rucker\NodeCode\PiProjects\panelMeter\node_modules as its parent node_modules
379 verbose linkBins bindings@1.2.1
380 verbose linkMans bindings@1.2.1
381 silly build nan@2.2.1
382 info linkStuff nan@2.2.1
383 silly linkStuff nan@2.2.1 has C:\Users\John Rucker\NodeCode\PiProjects\panelMeter\node_modules as its parent node_modules
384 verbose linkBins nan@2.2.1
385 verbose linkMans nan@2.2.1
386 silly build rpio@0.9.10
387 info linkStuff rpio@0.9.10
388 silly linkStuff rpio@0.9.10 has C:\Users\John Rucker\NodeCode\PiProjects\panelMeter\node_modules as its parent node_modules
389 verbose linkBins rpio@0.9.10
390 verbose linkMans rpio@0.9.10
391 silly doSerial global-link 0
392 silly doParallel update-linked 0
393 silly doSerial install 3
394 silly install bindings@1.2.1 C:\Users\John Rucker\NodeCode\PiProjects\panelMeter\node_modules\.staging\bindings-24e6297b
395 info lifecycle bindings@1.2.1~install: bindings@1.2.1
396 silly lifecycle bindings@1.2.1~install: no script for install, continuing
397 silly install nan@2.2.1 C:\Users\John Rucker\NodeCode\PiProjects\panelMeter\node_modules\.staging\nan-f6951464
398 info lifecycle nan@2.2.1~install: nan@2.2.1
399 silly lifecycle nan@2.2.1~install: no script for install, continuing
400 silly install rpio@0.9.10 C:\Users\John Rucker\NodeCode\PiProjects\panelMeter\node_modules\.staging\rpio-1723acc7
401 info lifecycle rpio@0.9.10~install: rpio@0.9.10
402 verbose lifecycle rpio@0.9.10~install: unsafe-perm in lifecycle true
403 verbose lifecycle rpio@0.9.10~install: PATH: C:\Program Files\nodejs\node_modules\npm\bin\node-gyp-bin;C:\Users\John Rucker\NodeCode\PiProjects\panelMeter\node_modules\rpio\node_modules\.bin;C:\Users\John Rucker\NodeCode\PiProjects\panelMeter\node_modules\.bin;C:\Program Files\nodejs;C:\Windows\system32;C:\Windows;C:\Windows\System32\Wbem;C:\Windows\System32\WindowsPowerShell\v1.0\;C:\Program Files (x86)\ATI Technologies\ATI.ACE\Core-Static;C:\Program Files (x86)\Microsoft SQL Server\100\Tools\Binn\;C:\Program Files\Microsoft SQL Server\100\Tools\Binn\;C:\Program Files\Microsoft SQL Server\100\DTS\Binn\;C:\Program Files\Microsoft SQL Server\110\Tools\Binn\;C:\Program Files (x86)\QuickTime\QTSystem\;C:\Program Files (x86)\Skype\Phone\;%USERPROFILE%\.dnx\bin;C:\Program Files\Microsoft DNX\Dnvm\;C:\Program Files\nodejs\;;C:\propgcc\bin;C:\Program Files (x86)\Microsoft VS Code\bin;C:\Users\John Rucker\AppData\Roaming\npm
404 verbose lifecycle rpio@0.9.10~install: CWD: C:\Users\John Rucker\NodeCode\PiProjects\panelMeter\node_modules\rpio
405 silly lifecycle rpio@0.9.10~install: Args: [ '/d /s /c', 'node-gyp rebuild' ]
406 silly lifecycle rpio@0.9.10~install: Returned: code: 1  signal: null
407 info lifecycle rpio@0.9.10~install: Failed to exec install script
408 verbose unlock done using C:\Users\John Rucker\AppData\Roaming\npm-cache\_locks\staging-3f9fca62c4cc1aec.lock for C:\Users\John Rucker\NodeCode\PiProjects\panelMeter\node_modules\.staging
409 silly rollbackFailedOptional Starting
410 silly rollbackFailedOptional Finishing
411 silly runTopLevelLifecycles Starting
412 silly runTopLevelLifecycles Finishing
413 silly install printInstalled
414 verbose stack Error: rpio@0.9.10 install: `node-gyp rebuild`
414 verbose stack Exit status 1
414 verbose stack     at EventEmitter.<anonymous> (C:\Program Files\nodejs\node_modules\npm\lib\utils\lifecycle.js:239:16)
414 verbose stack     at emitTwo (events.js:100:13)
414 verbose stack     at EventEmitter.emit (events.js:185:7)
414 verbose stack     at ChildProcess.<anonymous> (C:\Program Files\nodejs\node_modules\npm\lib\utils\spawn.js:24:14)
414 verbose stack     at emitTwo (events.js:100:13)
414 verbose stack     at ChildProcess.emit (events.js:185:7)
414 verbose stack     at maybeClose (internal/child_process.js:850:16)
414 verbose stack     at Process.ChildProcess._handle.onexit (internal/child_process.js:215:5)
415 verbose pkgid rpio@0.9.10
416 verbose cwd C:\Users\John Rucker\NodeCode\PiProjects\RiverGauage
417 error Windows_NT 6.1.7601
418 error argv "C:\\Program Files\\nodejs\\node.exe" "C:\\Program Files\\nodejs\\node_modules\\npm\\bin\\npm-cli.js" "link" "..\\panelMeter"
419 error node v5.10.1
420 error npm  v3.8.3
421 error code ELIFECYCLE
422 error rpio@0.9.10 install: `node-gyp rebuild`
422 error Exit status 1
423 error Failed at the rpio@0.9.10 install script 'node-gyp rebuild'.
423 error Make sure you have the latest version of node.js and npm installed.
423 error If you do, this is most likely a problem with the rpio package,
423 error not with npm itself.
423 error Tell the author that this fails on your system:
423 error     node-gyp rebuild
423 error You can get information on how to open an issue for this project with:
423 error     npm bugs rpio
423 error Or if that isn't available, you can get their info via:
423 error     npm owner ls rpio
423 error There is likely additional logging output above.
424 verbose exit [ 1, true ]
