0 info it worked if it ends with ok
1 verbose cli [ 'C:\\Program Files\\nodejs\\node.exe',
1 verbose cli   'C:\\Program Files\\nodejs\\node_modules\\npm\\bin\\npm-cli.js',
1 verbose cli   'install',
1 verbose cli   '--save',
1 verbose cli   'rpio' ]
2 info using npm@3.8.3
3 info using node@v5.10.1
4 silly loadCurrentTree Starting
5 silly install loadCurrentTree
6 silly install readLocalPackageData
7 silly fetchPackageMetaData rpio
8 silly fetchNamedPackageData rpio
9 silly mapToRegistry name rpio
10 silly mapToRegistry using default registry
11 silly mapToRegistry registry https://registry.npmjs.org/
12 silly mapToRegistry data Result {
12 silly mapToRegistry   raw: 'rpio',
12 silly mapToRegistry   scope: null,
12 silly mapToRegistry   name: 'rpio',
12 silly mapToRegistry   rawSpec: '',
12 silly mapToRegistry   spec: 'latest',
12 silly mapToRegistry   type: 'tag' }
13 silly mapToRegistry uri https://registry.npmjs.org/rpio
14 verbose request uri https://registry.npmjs.org/rpio
15 verbose request no auth needed
16 info attempt registry request try #1 at 4:11:43 PM
17 verbose request id 129afbe98b5c606d
18 http request GET https://registry.npmjs.org/rpio
19 http 200 https://registry.npmjs.org/rpio
20 verbose headers { server: 'CouchDB/1.5.0 (Erlang OTP/R16B03)',
20 verbose headers   etag: '"73EGDCEQWOAV06FAZ0XKQ4H0R"',
20 verbose headers   'content-type': 'application/json',
20 verbose headers   'content-encoding': 'gzip',
20 verbose headers   'cache-control': 'max-age=300',
20 verbose headers   'content-length': '18426',
20 verbose headers   'accept-ranges': 'bytes',
20 verbose headers   date: 'Fri, 08 Apr 2016 21:11:55 GMT',
20 verbose headers   via: '1.1 varnish',
20 verbose headers   age: '0',
20 verbose headers   connection: 'keep-alive',
20 verbose headers   'x-served-by': 'cache-ord1723-ORD',
20 verbose headers   'x-cache': 'MISS',
20 verbose headers   'x-cache-hits': '0',
20 verbose headers   'x-timer': 'S1460149915.097531,VS0,VE171',
20 verbose headers   vary: 'Accept-Encoding' }
21 silly get cb [ 200,
21 silly get   { server: 'CouchDB/1.5.0 (Erlang OTP/R16B03)',
21 silly get     etag: '"73EGDCEQWOAV06FAZ0XKQ4H0R"',
21 silly get     'content-type': 'application/json',
21 silly get     'content-encoding': 'gzip',
21 silly get     'cache-control': 'max-age=300',
21 silly get     'content-length': '18426',
21 silly get     'accept-ranges': 'bytes',
21 silly get     date: 'Fri, 08 Apr 2016 21:11:55 GMT',
21 silly get     via: '1.1 varnish',
21 silly get     age: '0',
21 silly get     connection: 'keep-alive',
21 silly get     'x-served-by': 'cache-ord1723-ORD',
21 silly get     'x-cache': 'MISS',
21 silly get     'x-cache-hits': '0',
21 silly get     'x-timer': 'S1460149915.097531,VS0,VE171',
21 silly get     vary: 'Accept-Encoding' } ]
22 verbose get saving rpio to C:\Users\John Rucker\AppData\Roaming\npm-cache\registry.npmjs.org\rpio\.cache.json
23 verbose correctMkdir C:\Users\John Rucker\AppData\Roaming\npm-cache correctMkdir not in flight; initializing
24 silly install normalizeTree
25 silly loadCurrentTree Finishing
26 silly loadIdealTree Starting
27 silly install loadIdealTree
28 silly cloneCurrentTree Starting
29 silly install cloneCurrentTreeToIdealTree
30 silly cloneCurrentTree Finishing
31 silly loadShrinkwrap Starting
32 silly install loadShrinkwrap
33 silly loadShrinkwrap Finishing
34 silly loadAllDepsIntoIdealTree Starting
35 silly install loadAllDepsIntoIdealTree
36 silly resolveWithNewModule rpio@0.9.10 checking installable status
37 silly cache add args [ 'rpio', null ]
38 verbose cache add spec rpio
39 silly cache add parsed spec Result {
39 silly cache add   raw: 'rpio',
39 silly cache add   scope: null,
39 silly cache add   name: 'rpio',
39 silly cache add   rawSpec: '',
39 silly cache add   spec: 'latest',
39 silly cache add   type: 'tag' }
40 silly addNamed rpio@latest
41 verbose addNamed "latest" is being treated as a dist-tag for rpio
42 info addNameTag [ 'rpio', 'latest' ]
43 silly mapToRegistry name rpio
44 silly mapToRegistry using default registry
45 silly mapToRegistry registry https://registry.npmjs.org/
46 silly mapToRegistry data Result {
46 silly mapToRegistry   raw: 'rpio',
46 silly mapToRegistry   scope: null,
46 silly mapToRegistry   name: 'rpio',
46 silly mapToRegistry   rawSpec: '',
46 silly mapToRegistry   spec: 'latest',
46 silly mapToRegistry   type: 'tag' }
47 silly mapToRegistry uri https://registry.npmjs.org/rpio
48 verbose addNameTag registry:https://registry.npmjs.org/rpio not in flight; fetching
49 verbose get https://registry.npmjs.org/rpio not expired, no request
50 silly addNameTag next cb for rpio with tag latest
51 silly addNamed rpio@0.9.10
52 verbose addNamed "0.9.10" is a plain semver version for rpio
53 silly mapToRegistry name rpio
54 silly mapToRegistry using default registry
55 silly mapToRegistry registry https://registry.npmjs.org/
56 silly mapToRegistry data Result {
56 silly mapToRegistry   raw: 'rpio',
56 silly mapToRegistry   scope: null,
56 silly mapToRegistry   name: 'rpio',
56 silly mapToRegistry   rawSpec: '',
56 silly mapToRegistry   spec: 'latest',
56 silly mapToRegistry   type: 'tag' }
57 silly mapToRegistry uri https://registry.npmjs.org/rpio
58 verbose addRemoteTarball https://registry.npmjs.org/rpio/-/rpio-0.9.10.tgz not in flight; adding
59 verbose addRemoteTarball [ 'https://registry.npmjs.org/rpio/-/rpio-0.9.10.tgz',
59 verbose addRemoteTarball   '072825134bfd7f1dfd2db8bd4e83909093b14b44' ]
60 info retry fetch attempt 1 at 4:11:43 PM
61 info attempt registry request try #1 at 4:11:43 PM
62 http fetch GET https://registry.npmjs.org/rpio/-/rpio-0.9.10.tgz
63 http fetch 200 https://registry.npmjs.org/rpio/-/rpio-0.9.10.tgz
64 silly fetchAndShaCheck shasum 072825134bfd7f1dfd2db8bd4e83909093b14b44
65 verbose addTmpTarball C:\Users\JOHNRU~1\AppData\Local\Temp\npm-6392-48cd594f\registry.npmjs.org\rpio\-\rpio-0.9.10.tgz not in flight; adding
66 verbose addTmpTarball already have metadata; skipping unpack for rpio@0.9.10
67 verbose correctMkdir C:\Users\John Rucker\AppData\Roaming\npm-cache correctMkdir not in flight; initializing
68 silly cache afterAdd rpio@0.9.10
69 verbose afterAdd C:\Users\John Rucker\AppData\Roaming\npm-cache\rpio\0.9.10\package\package.json not in flight; writing
70 verbose correctMkdir C:\Users\John Rucker\AppData\Roaming\npm-cache correctMkdir not in flight; initializing
71 verbose afterAdd C:\Users\John Rucker\AppData\Roaming\npm-cache\rpio\0.9.10\package\package.json written
72 silly fetchNamedPackageData bindings
73 silly mapToRegistry name bindings
74 silly mapToRegistry using default registry
75 silly mapToRegistry registry https://registry.npmjs.org/
76 silly mapToRegistry data Result {
76 silly mapToRegistry   raw: 'bindings',
76 silly mapToRegistry   scope: null,
76 silly mapToRegistry   name: 'bindings',
76 silly mapToRegistry   rawSpec: '',
76 silly mapToRegistry   spec: 'latest',
76 silly mapToRegistry   type: 'tag' }
77 silly mapToRegistry uri https://registry.npmjs.org/bindings
78 silly fetchNamedPackageData nan
79 silly mapToRegistry name nan
80 silly mapToRegistry using default registry
81 silly mapToRegistry registry https://registry.npmjs.org/
82 silly mapToRegistry data Result {
82 silly mapToRegistry   raw: 'nan',
82 silly mapToRegistry   scope: null,
82 silly mapToRegistry   name: 'nan',
82 silly mapToRegistry   rawSpec: '',
82 silly mapToRegistry   spec: 'latest',
82 silly mapToRegistry   type: 'tag' }
83 silly mapToRegistry uri https://registry.npmjs.org/nan
84 verbose request uri https://registry.npmjs.org/bindings
85 verbose request no auth needed
86 info attempt registry request try #1 at 4:11:44 PM
87 verbose etag "1LLBF9OH58DLBEL4629U6032D"
88 http request GET https://registry.npmjs.org/bindings
89 verbose request uri https://registry.npmjs.org/nan
90 verbose request no auth needed
91 info attempt registry request try #1 at 4:11:44 PM
92 verbose etag "2UZKQOUIL0TMX4WY7FZ5Q5HJQ"
93 http request GET https://registry.npmjs.org/nan
94 http 304 https://registry.npmjs.org/bindings
95 verbose headers { date: 'Fri, 08 Apr 2016 21:11:55 GMT',
95 verbose headers   via: '1.1 varnish',
95 verbose headers   'cache-control': 'max-age=300',
95 verbose headers   etag: '"1LLBF9OH58DLBEL4629U6032D"',
95 verbose headers   age: '232',
95 verbose headers   connection: 'keep-alive',
95 verbose headers   'x-served-by': 'cache-ord1723-ORD',
95 verbose headers   'x-cache': 'HIT',
95 verbose headers   'x-cache-hits': '3',
95 verbose headers   'x-timer': 'S1460149915.821012,VS0,VE0',
95 verbose headers   vary: 'Accept-Encoding' }
96 silly get cb [ 304,
96 silly get   { date: 'Fri, 08 Apr 2016 21:11:55 GMT',
96 silly get     via: '1.1 varnish',
96 silly get     'cache-control': 'max-age=300',
96 silly get     etag: '"1LLBF9OH58DLBEL4629U6032D"',
96 silly get     age: '232',
96 silly get     connection: 'keep-alive',
96 silly get     'x-served-by': 'cache-ord1723-ORD',
96 silly get     'x-cache': 'HIT',
96 silly get     'x-cache-hits': '3',
96 silly get     'x-timer': 'S1460149915.821012,VS0,VE0',
96 silly get     vary: 'Accept-Encoding' } ]
97 verbose etag https://registry.npmjs.org/bindings from cache
98 verbose get saving bindings to C:\Users\John Rucker\AppData\Roaming\npm-cache\registry.npmjs.org\bindings\.cache.json
99 verbose correctMkdir C:\Users\John Rucker\AppData\Roaming\npm-cache correctMkdir not in flight; initializing
100 silly resolveWithNewModule bindings@1.2.1 checking installable status
101 silly cache add args [ 'bindings@*', null ]
102 verbose cache add spec bindings@*
103 silly cache add parsed spec Result {
103 silly cache add   raw: 'bindings@*',
103 silly cache add   scope: null,
103 silly cache add   name: 'bindings',
103 silly cache add   rawSpec: '*',
103 silly cache add   spec: '*',
103 silly cache add   type: 'range' }
104 silly addNamed bindings@*
105 verbose addNamed "*" is a valid semver range for bindings
106 silly addNameRange { name: 'bindings', range: '*', hasData: false }
107 silly mapToRegistry name bindings
108 silly mapToRegistry using default registry
109 silly mapToRegistry registry https://registry.npmjs.org/
110 silly mapToRegistry data Result {
110 silly mapToRegistry   raw: 'bindings',
110 silly mapToRegistry   scope: null,
110 silly mapToRegistry   name: 'bindings',
110 silly mapToRegistry   rawSpec: '',
110 silly mapToRegistry   spec: 'latest',
110 silly mapToRegistry   type: 'tag' }
111 silly mapToRegistry uri https://registry.npmjs.org/bindings
112 verbose addNameRange registry:https://registry.npmjs.org/bindings not in flight; fetching
113 verbose get https://registry.npmjs.org/bindings not expired, no request
114 silly addNameRange number 2 { name: 'bindings', range: '*', hasData: true }
115 silly addNameRange versions [ 'bindings',
115 silly addNameRange   [ '0.0.1',
115 silly addNameRange     '0.1.0',
115 silly addNameRange     '0.1.1',
115 silly addNameRange     '0.2.0',
115 silly addNameRange     '0.2.1',
115 silly addNameRange     '0.2.2',
115 silly addNameRange     '0.2.3',
115 silly addNameRange     '0.2.4',
115 silly addNameRange     '0.3.0',
115 silly addNameRange     '0.4.0',
115 silly addNameRange     '1.0.0',
115 silly addNameRange     '1.1.0',
115 silly addNameRange     '1.1.1',
115 silly addNameRange     '1.2.0',
115 silly addNameRange     '1.2.1' ] ]
116 silly addNamed bindings@1.2.1
117 verbose addNamed "1.2.1" is a plain semver version for bindings
118 silly cache afterAdd bindings@1.2.1
119 verbose afterAdd C:\Users\John Rucker\AppData\Roaming\npm-cache\bindings\1.2.1\package\package.json not in flight; writing
120 verbose correctMkdir C:\Users\John Rucker\AppData\Roaming\npm-cache correctMkdir not in flight; initializing
121 verbose afterAdd C:\Users\John Rucker\AppData\Roaming\npm-cache\bindings\1.2.1\package\package.json written
122 http 304 https://registry.npmjs.org/nan
123 verbose headers { date: 'Fri, 08 Apr 2016 21:11:55 GMT',
123 verbose headers   via: '1.1 varnish',
123 verbose headers   'cache-control': 'max-age=300',
123 verbose headers   etag: '"2UZKQOUIL0TMX4WY7FZ5Q5HJQ"',
123 verbose headers   age: '196',
123 verbose headers   connection: 'keep-alive',
123 verbose headers   'x-served-by': 'cache-ord1743-ORD',
123 verbose headers   'x-cache': 'HIT',
123 verbose headers   'x-cache-hits': '3',
123 verbose headers   'x-timer': 'S1460149915.889685,VS0,VE0',
123 verbose headers   vary: 'Accept-Encoding' }
124 silly get cb [ 304,
124 silly get   { date: 'Fri, 08 Apr 2016 21:11:55 GMT',
124 silly get     via: '1.1 varnish',
124 silly get     'cache-control': 'max-age=300',
124 silly get     etag: '"2UZKQOUIL0TMX4WY7FZ5Q5HJQ"',
124 silly get     age: '196',
124 silly get     connection: 'keep-alive',
124 silly get     'x-served-by': 'cache-ord1743-ORD',
124 silly get     'x-cache': 'HIT',
124 silly get     'x-cache-hits': '3',
124 silly get     'x-timer': 'S1460149915.889685,VS0,VE0',
124 silly get     vary: 'Accept-Encoding' } ]
125 verbose etag https://registry.npmjs.org/nan from cache
126 verbose get saving nan to C:\Users\John Rucker\AppData\Roaming\npm-cache\registry.npmjs.org\nan\.cache.json
127 verbose correctMkdir C:\Users\John Rucker\AppData\Roaming\npm-cache correctMkdir not in flight; initializing
128 silly resolveWithNewModule nan@2.2.1 checking installable status
129 silly cache add args [ 'nan@*', null ]
130 verbose cache add spec nan@*
131 silly cache add parsed spec Result {
131 silly cache add   raw: 'nan@*',
131 silly cache add   scope: null,
131 silly cache add   name: 'nan',
131 silly cache add   rawSpec: '*',
131 silly cache add   spec: '*',
131 silly cache add   type: 'range' }
132 silly addNamed nan@*
133 verbose addNamed "*" is a valid semver range for nan
134 silly addNameRange { name: 'nan', range: '*', hasData: false }
135 silly mapToRegistry name nan
136 silly mapToRegistry using default registry
137 silly mapToRegistry registry https://registry.npmjs.org/
138 silly mapToRegistry data Result {
138 silly mapToRegistry   raw: 'nan',
138 silly mapToRegistry   scope: null,
138 silly mapToRegistry   name: 'nan',
138 silly mapToRegistry   rawSpec: '',
138 silly mapToRegistry   spec: 'latest',
138 silly mapToRegistry   type: 'tag' }
139 silly mapToRegistry uri https://registry.npmjs.org/nan
140 verbose addNameRange registry:https://registry.npmjs.org/nan not in flight; fetching
141 verbose get https://registry.npmjs.org/nan not expired, no request
142 silly addNameRange number 2 { name: 'nan', range: '*', hasData: true }
143 silly addNameRange versions [ 'nan',
143 silly addNameRange   [ '0.3.0-wip',
143 silly addNameRange     '0.3.0-wip2',
143 silly addNameRange     '0.3.0',
143 silly addNameRange     '0.3.1',
143 silly addNameRange     '0.3.2',
143 silly addNameRange     '0.4.0',
143 silly addNameRange     '0.4.1',
143 silly addNameRange     '0.4.2',
143 silly addNameRange     '0.4.3',
143 silly addNameRange     '0.4.4',
143 silly addNameRange     '0.5.0',
143 silly addNameRange     '0.5.1',
143 silly addNameRange     '0.5.2',
143 silly addNameRange     '0.6.0',
143 silly addNameRange     '0.7.0',
143 silly addNameRange     '0.7.1',
143 silly addNameRange     '0.8.0',
143 silly addNameRange     '1.0.0',
143 silly addNameRange     '1.1.0',
143 silly addNameRange     '1.1.1',
143 silly addNameRange     '1.1.2',
143 silly addNameRange     '1.2.0',
143 silly addNameRange     '1.3.0',
143 silly addNameRange     '1.4.0',
143 silly addNameRange     '1.4.1',
143 silly addNameRange     '1.5.0',
143 silly addNameRange     '1.4.2',
143 silly addNameRange     '1.4.3',
143 silly addNameRange     '1.5.1',
143 silly addNameRange     '1.5.2',
143 silly addNameRange     '1.6.0',
143 silly addNameRange     '1.5.3',
143 silly addNameRange     '1.6.1',
143 silly addNameRange     '1.6.2',
143 silly addNameRange     '1.7.0',
143 silly addNameRange     '1.8.0',
143 silly addNameRange     '1.8.1',
143 silly addNameRange     '1.8.2',
143 silly addNameRange     '1.8.3',
143 silly addNameRange     '1.8.4',
143 silly addNameRange     '1.9.0',
143 silly addNameRange     '2.0.0',
143 silly addNameRange     '2.0.1',
143 silly addNameRange     '2.0.2',
143 silly addNameRange     '2.0.3',
143 silly addNameRange     '2.0.4',
143 silly addNameRange     '2.0.5',
143 silly addNameRange     '2.0.6',
143 silly addNameRange     '2.0.7',
143 silly addNameRange     '2.0.8',
143 silly addNameRange     '2.0.9',
143 silly addNameRange     '2.1.0',
143 silly addNameRange     '2.2.0',
143 silly addNameRange     '2.2.1' ] ]
144 silly addNamed nan@2.2.1
145 verbose addNamed "2.2.1" is a plain semver version for nan
146 silly cache afterAdd nan@2.2.1
147 verbose afterAdd C:\Users\John Rucker\AppData\Roaming\npm-cache\nan\2.2.1\package\package.json not in flight; writing
148 verbose correctMkdir C:\Users\John Rucker\AppData\Roaming\npm-cache correctMkdir not in flight; initializing
149 verbose afterAdd C:\Users\John Rucker\AppData\Roaming\npm-cache\nan\2.2.1\package\package.json written
150 silly loadAllDepsIntoIdealTree Finishing
151 silly idealTree:prePrune rivergauage@1.0.0
151 silly idealTree:prePrune +-- ansi-regex@2.0.0
151 silly idealTree:prePrune +-- ansi-styles@2.2.1
151 silly idealTree:prePrune +-- asn1@0.2.3
151 silly idealTree:prePrune +-- assert-plus@0.2.0
151 silly idealTree:prePrune +-- async@1.5.2
151 silly idealTree:prePrune +-- aws-sign2@0.6.0
151 silly idealTree:prePrune +-- aws4@1.3.2
151 silly idealTree:prePrune +-- bindings@1.2.1
151 silly idealTree:prePrune +-- bl@1.1.2
151 silly idealTree:prePrune +-- boom@2.10.1
151 silly idealTree:prePrune +-- caseless@0.11.0
151 silly idealTree:prePrune +-- chalk@1.1.3
151 silly idealTree:prePrune +-- combined-stream@1.0.5
151 silly idealTree:prePrune +-- commander@2.9.0
151 silly idealTree:prePrune +-- core-util-is@1.0.2
151 silly idealTree:prePrune +-- cryptiles@2.0.5
151 silly idealTree:prePrune +-- dashdash@1.13.0
151 silly idealTree:prePrune | `-- assert-plus@1.0.0
151 silly idealTree:prePrune +-- delayed-stream@1.0.0
151 silly idealTree:prePrune +-- ecc-jsbn@0.1.1
151 silly idealTree:prePrune +-- escape-string-regexp@1.0.5
151 silly idealTree:prePrune +-- extend@3.0.0
151 silly idealTree:prePrune +-- extsprintf@1.0.2
151 silly idealTree:prePrune +-- forever-agent@0.6.1
151 silly idealTree:prePrune +-- form-data@1.0.0-rc4
151 silly idealTree:prePrune +-- generate-function@2.0.0
151 silly idealTree:prePrune +-- generate-object-property@1.2.0
151 silly idealTree:prePrune +-- graceful-readlink@1.0.1
151 silly idealTree:prePrune +-- har-validator@2.0.6
151 silly idealTree:prePrune +-- has-ansi@2.0.0
151 silly idealTree:prePrune +-- hawk@3.1.3
151 silly idealTree:prePrune +-- hoek@2.16.3
151 silly idealTree:prePrune +-- http-signature@1.1.1
151 silly idealTree:prePrune +-- inherits@2.0.1
151 silly idealTree:prePrune +-- is-my-json-valid@2.13.1
151 silly idealTree:prePrune +-- is-property@1.0.2
151 silly idealTree:prePrune +-- is-typedarray@1.0.0
151 silly idealTree:prePrune +-- isarray@1.0.0
151 silly idealTree:prePrune +-- isstream@0.1.2
151 silly idealTree:prePrune +-- jodid25519@1.0.2
151 silly idealTree:prePrune +-- jsbn@0.1.0
151 silly idealTree:prePrune +-- json-schema@0.2.2
151 silly idealTree:prePrune +-- json-stringify-safe@5.0.1
151 silly idealTree:prePrune +-- jsonpointer@2.0.0
151 silly idealTree:prePrune +-- jsprim@1.2.2
151 silly idealTree:prePrune +-- lodash@4.8.2
151 silly idealTree:prePrune +-- lru-cache@4.0.1
151 silly idealTree:prePrune +-- mime-db@1.22.0
151 silly idealTree:prePrune +-- mime-types@2.1.10
151 silly idealTree:prePrune +-- nan@2.2.1
151 silly idealTree:prePrune +-- node-uuid@1.4.7
151 silly idealTree:prePrune +-- oauth-sign@0.8.1
151 silly idealTree:prePrune +-- pinkie-promise@2.0.0
151 silly idealTree:prePrune +-- pinkie@2.0.4
151 silly idealTree:prePrune +-- process-nextick-args@1.0.6
151 silly idealTree:prePrune +-- pseudomap@1.0.2
151 silly idealTree:prePrune +-- qs@6.1.0
151 silly idealTree:prePrune +-- readable-stream@2.0.6
151 silly idealTree:prePrune +-- request@2.70.0
151 silly idealTree:prePrune +-- rpio@0.9.10
151 silly idealTree:prePrune +-- sax@1.2.1
151 silly idealTree:prePrune +-- sntp@1.0.9
151 silly idealTree:prePrune +-- sshpk@1.7.4
151 silly idealTree:prePrune +-- string_decoder@0.10.31
151 silly idealTree:prePrune +-- stringstream@0.0.5
151 silly idealTree:prePrune +-- strip-ansi@3.0.1
151 silly idealTree:prePrune +-- supports-color@2.0.0
151 silly idealTree:prePrune +-- tough-cookie@2.2.2
151 silly idealTree:prePrune +-- tunnel-agent@0.4.2
151 silly idealTree:prePrune +-- tweetnacl@0.14.3
151 silly idealTree:prePrune +-- util-deprecate@1.0.2
151 silly idealTree:prePrune +-- verror@1.3.6
151 silly idealTree:prePrune +-- xml2js@0.4.16
151 silly idealTree:prePrune +-- xmlbuilder@4.2.1
151 silly idealTree:prePrune +-- xtend@4.0.1
151 silly idealTree:prePrune `-- yallist@2.0.0
152 silly loadIdealTree Finishing
153 silly currentTree rivergauage@1.0.0
153 silly currentTree +-- ansi-regex@2.0.0
153 silly currentTree +-- ansi-styles@2.2.1
153 silly currentTree +-- asn1@0.2.3
153 silly currentTree +-- assert-plus@0.2.0
153 silly currentTree +-- async@1.5.2
153 silly currentTree +-- aws-sign2@0.6.0
153 silly currentTree +-- aws4@1.3.2
153 silly currentTree +-- bl@1.1.2
153 silly currentTree +-- boom@2.10.1
153 silly currentTree +-- caseless@0.11.0
153 silly currentTree +-- chalk@1.1.3
153 silly currentTree +-- combined-stream@1.0.5
153 silly currentTree +-- commander@2.9.0
153 silly currentTree +-- core-util-is@1.0.2
153 silly currentTree +-- cryptiles@2.0.5
153 silly currentTree +-- dashdash@1.13.0
153 silly currentTree | `-- assert-plus@1.0.0
153 silly currentTree +-- delayed-stream@1.0.0
153 silly currentTree +-- ecc-jsbn@0.1.1
153 silly currentTree +-- escape-string-regexp@1.0.5
153 silly currentTree +-- extend@3.0.0
153 silly currentTree +-- extsprintf@1.0.2
153 silly currentTree +-- forever-agent@0.6.1
153 silly currentTree +-- form-data@1.0.0-rc4
153 silly currentTree +-- generate-function@2.0.0
153 silly currentTree +-- generate-object-property@1.2.0
153 silly currentTree +-- graceful-readlink@1.0.1
153 silly currentTree +-- har-validator@2.0.6
153 silly currentTree +-- has-ansi@2.0.0
153 silly currentTree +-- hawk@3.1.3
153 silly currentTree +-- hoek@2.16.3
153 silly currentTree +-- http-signature@1.1.1
153 silly currentTree +-- inherits@2.0.1
153 silly currentTree +-- is-my-json-valid@2.13.1
153 silly currentTree +-- is-property@1.0.2
153 silly currentTree +-- is-typedarray@1.0.0
153 silly currentTree +-- isarray@1.0.0
153 silly currentTree +-- isstream@0.1.2
153 silly currentTree +-- jodid25519@1.0.2
153 silly currentTree +-- jsbn@0.1.0
153 silly currentTree +-- json-schema@0.2.2
153 silly currentTree +-- json-stringify-safe@5.0.1
153 silly currentTree +-- jsonpointer@2.0.0
153 silly currentTree +-- jsprim@1.2.2
153 silly currentTree +-- lodash@4.8.2
153 silly currentTree +-- lru-cache@4.0.1
153 silly currentTree +-- mime-db@1.22.0
153 silly currentTree +-- mime-types@2.1.10
153 silly currentTree +-- node-uuid@1.4.7
153 silly currentTree +-- oauth-sign@0.8.1
153 silly currentTree +-- pinkie-promise@2.0.0
153 silly currentTree +-- pinkie@2.0.4
153 silly currentTree +-- process-nextick-args@1.0.6
153 silly currentTree +-- pseudomap@1.0.2
153 silly currentTree +-- qs@6.1.0
153 silly currentTree +-- readable-stream@2.0.6
153 silly currentTree +-- request@2.70.0
153 silly currentTree +-- sax@1.2.1
153 silly currentTree +-- sntp@1.0.9
153 silly currentTree +-- sshpk@1.7.4
153 silly currentTree +-- string_decoder@0.10.31
153 silly currentTree +-- stringstream@0.0.5
153 silly currentTree +-- strip-ansi@3.0.1
153 silly currentTree +-- supports-color@2.0.0
153 silly currentTree +-- tough-cookie@2.2.2
153 silly currentTree +-- tunnel-agent@0.4.2
153 silly currentTree +-- tweetnacl@0.14.3
153 silly currentTree +-- util-deprecate@1.0.2
153 silly currentTree +-- verror@1.3.6
153 silly currentTree +-- xml2js@0.4.16
153 silly currentTree +-- xmlbuilder@4.2.1
153 silly currentTree +-- xtend@4.0.1
153 silly currentTree `-- yallist@2.0.0
154 silly idealTree rivergauage@1.0.0
154 silly idealTree +-- ansi-regex@2.0.0
154 silly idealTree +-- ansi-styles@2.2.1
154 silly idealTree +-- asn1@0.2.3
154 silly idealTree +-- assert-plus@0.2.0
154 silly idealTree +-- async@1.5.2
154 silly idealTree +-- aws-sign2@0.6.0
154 silly idealTree +-- aws4@1.3.2
154 silly idealTree +-- bindings@1.2.1
154 silly idealTree +-- bl@1.1.2
154 silly idealTree +-- boom@2.10.1
154 silly idealTree +-- caseless@0.11.0
154 silly idealTree +-- chalk@1.1.3
154 silly idealTree +-- combined-stream@1.0.5
154 silly idealTree +-- commander@2.9.0
154 silly idealTree +-- core-util-is@1.0.2
154 silly idealTree +-- cryptiles@2.0.5
154 silly idealTree +-- dashdash@1.13.0
154 silly idealTree | `-- assert-plus@1.0.0
154 silly idealTree +-- delayed-stream@1.0.0
154 silly idealTree +-- ecc-jsbn@0.1.1
154 silly idealTree +-- escape-string-regexp@1.0.5
154 silly idealTree +-- extend@3.0.0
154 silly idealTree +-- extsprintf@1.0.2
154 silly idealTree +-- forever-agent@0.6.1
154 silly idealTree +-- form-data@1.0.0-rc4
154 silly idealTree +-- generate-function@2.0.0
154 silly idealTree +-- generate-object-property@1.2.0
154 silly idealTree +-- graceful-readlink@1.0.1
154 silly idealTree +-- har-validator@2.0.6
154 silly idealTree +-- has-ansi@2.0.0
154 silly idealTree +-- hawk@3.1.3
154 silly idealTree +-- hoek@2.16.3
154 silly idealTree +-- http-signature@1.1.1
154 silly idealTree +-- inherits@2.0.1
154 silly idealTree +-- is-my-json-valid@2.13.1
154 silly idealTree +-- is-property@1.0.2
154 silly idealTree +-- is-typedarray@1.0.0
154 silly idealTree +-- isarray@1.0.0
154 silly idealTree +-- isstream@0.1.2
154 silly idealTree +-- jodid25519@1.0.2
154 silly idealTree +-- jsbn@0.1.0
154 silly idealTree +-- json-schema@0.2.2
154 silly idealTree +-- json-stringify-safe@5.0.1
154 silly idealTree +-- jsonpointer@2.0.0
154 silly idealTree +-- jsprim@1.2.2
154 silly idealTree +-- lodash@4.8.2
154 silly idealTree +-- lru-cache@4.0.1
154 silly idealTree +-- mime-db@1.22.0
154 silly idealTree +-- mime-types@2.1.10
154 silly idealTree +-- nan@2.2.1
154 silly idealTree +-- node-uuid@1.4.7
154 silly idealTree +-- oauth-sign@0.8.1
154 silly idealTree +-- pinkie-promise@2.0.0
154 silly idealTree +-- pinkie@2.0.4
154 silly idealTree +-- process-nextick-args@1.0.6
154 silly idealTree +-- pseudomap@1.0.2
154 silly idealTree +-- qs@6.1.0
154 silly idealTree +-- readable-stream@2.0.6
154 silly idealTree +-- request@2.70.0
154 silly idealTree +-- rpio@0.9.10
154 silly idealTree +-- sax@1.2.1
154 silly idealTree +-- sntp@1.0.9
154 silly idealTree +-- sshpk@1.7.4
154 silly idealTree +-- string_decoder@0.10.31
154 silly idealTree +-- stringstream@0.0.5
154 silly idealTree +-- strip-ansi@3.0.1
154 silly idealTree +-- supports-color@2.0.0
154 silly idealTree +-- tough-cookie@2.2.2
154 silly idealTree +-- tunnel-agent@0.4.2
154 silly idealTree +-- tweetnacl@0.14.3
154 silly idealTree +-- util-deprecate@1.0.2
154 silly idealTree +-- verror@1.3.6
154 silly idealTree +-- xml2js@0.4.16
154 silly idealTree +-- xmlbuilder@4.2.1
154 silly idealTree +-- xtend@4.0.1
154 silly idealTree `-- yallist@2.0.0
155 silly generateActionsToTake Starting
156 silly install generateActionsToTake
157 silly generateActionsToTake Finishing
158 silly diffTrees action count 3
159 silly diffTrees add bindings@1.2.1
160 silly diffTrees add nan@2.2.1
161 silly diffTrees add rpio@0.9.10
162 silly decomposeActions action count 24
163 silly decomposeActions fetch bindings@1.2.1
164 silly decomposeActions extract bindings@1.2.1
165 silly decomposeActions test bindings@1.2.1
166 silly decomposeActions preinstall bindings@1.2.1
167 silly decomposeActions build bindings@1.2.1
168 silly decomposeActions install bindings@1.2.1
169 silly decomposeActions postinstall bindings@1.2.1
170 silly decomposeActions finalize bindings@1.2.1
171 silly decomposeActions fetch nan@2.2.1
172 silly decomposeActions extract nan@2.2.1
173 silly decomposeActions test nan@2.2.1
174 silly decomposeActions preinstall nan@2.2.1
175 silly decomposeActions build nan@2.2.1
176 silly decomposeActions install nan@2.2.1
177 silly decomposeActions postinstall nan@2.2.1
178 silly decomposeActions finalize nan@2.2.1
179 silly decomposeActions fetch rpio@0.9.10
180 silly decomposeActions extract rpio@0.9.10
181 silly decomposeActions test rpio@0.9.10
182 silly decomposeActions preinstall rpio@0.9.10
183 silly decomposeActions build rpio@0.9.10
184 silly decomposeActions install rpio@0.9.10
185 silly decomposeActions postinstall rpio@0.9.10
186 silly decomposeActions finalize rpio@0.9.10
187 silly executeActions Starting
188 silly install executeActions
189 silly doSerial global-install 0
190 silly doParallel fetch 3
191 verbose correctMkdir C:\Users\John Rucker\AppData\Roaming\npm-cache\_locks correctMkdir not in flight; initializing
192 verbose lock using C:\Users\John Rucker\AppData\Roaming\npm-cache\_locks\staging-8a0f27e39da18de1.lock for C:\Users\John Rucker\NodeCode\PiProjects\RiverGauage\node_modules\.staging
193 silly doParallel extract 3
194 silly extract bindings@1.2.1
195 silly extract nan@2.2.1
196 silly extract rpio@0.9.10
197 verbose unbuild node_modules\.staging\bindings-b796956d
198 verbose unbuild node_modules\.staging\nan-58f42f99
199 verbose unbuild node_modules\.staging\rpio-fba6f706
200 silly gentlyRm C:\Users\John Rucker\NodeCode\PiProjects\RiverGauage\node_modules\.staging\bindings-b796956d is being purged from base C:\Users\John Rucker\NodeCode\PiProjects\RiverGauage
201 verbose gentlyRm don't care about contents; nuking C:\Users\John Rucker\NodeCode\PiProjects\RiverGauage\node_modules\.staging\bindings-b796956d
202 silly gentlyRm C:\Users\John Rucker\NodeCode\PiProjects\RiverGauage\node_modules\.staging\nan-58f42f99 is being purged from base C:\Users\John Rucker\NodeCode\PiProjects\RiverGauage
203 verbose gentlyRm don't care about contents; nuking C:\Users\John Rucker\NodeCode\PiProjects\RiverGauage\node_modules\.staging\nan-58f42f99
204 verbose tar unpack C:\Users\John Rucker\AppData\Roaming\npm-cache\bindings\1.2.1\package.tgz
205 verbose tar unpacking to C:\Users\John Rucker\NodeCode\PiProjects\RiverGauage\node_modules\.staging\bindings-b796956d
206 silly gentlyRm C:\Users\John Rucker\NodeCode\PiProjects\RiverGauage\node_modules\.staging\bindings-b796956d is being purged
207 verbose gentlyRm don't care about contents; nuking C:\Users\John Rucker\NodeCode\PiProjects\RiverGauage\node_modules\.staging\bindings-b796956d
208 silly gentlyRm C:\Users\John Rucker\NodeCode\PiProjects\RiverGauage\node_modules\.staging\rpio-fba6f706 is being purged from base C:\Users\John Rucker\NodeCode\PiProjects\RiverGauage
209 verbose gentlyRm don't care about contents; nuking C:\Users\John Rucker\NodeCode\PiProjects\RiverGauage\node_modules\.staging\rpio-fba6f706
210 verbose tar unpack C:\Users\John Rucker\AppData\Roaming\npm-cache\nan\2.2.1\package.tgz
211 verbose tar unpacking to C:\Users\John Rucker\NodeCode\PiProjects\RiverGauage\node_modules\.staging\nan-58f42f99
212 silly gentlyRm C:\Users\John Rucker\NodeCode\PiProjects\RiverGauage\node_modules\.staging\nan-58f42f99 is being purged
213 verbose gentlyRm don't care about contents; nuking C:\Users\John Rucker\NodeCode\PiProjects\RiverGauage\node_modules\.staging\nan-58f42f99
214 silly gunzTarPerm modes [ '777', '666' ]
215 verbose tar unpack C:\Users\John Rucker\AppData\Roaming\npm-cache\rpio\0.9.10\package.tgz
216 verbose tar unpacking to C:\Users\John Rucker\NodeCode\PiProjects\RiverGauage\node_modules\.staging\rpio-fba6f706
217 silly gentlyRm C:\Users\John Rucker\NodeCode\PiProjects\RiverGauage\node_modules\.staging\rpio-fba6f706 is being purged
218 verbose gentlyRm don't care about contents; nuking C:\Users\John Rucker\NodeCode\PiProjects\RiverGauage\node_modules\.staging\rpio-fba6f706
219 silly gunzTarPerm modes [ '777', '666' ]
220 silly gunzTarPerm modes [ '777', '666' ]
221 silly gunzTarPerm extractEntry package.json
222 silly gunzTarPerm modified mode [ 'package.json', 420, 438 ]
223 silly gunzTarPerm extractEntry package.json
224 silly gunzTarPerm modified mode [ 'package.json', 436, 438 ]
225 silly gunzTarPerm extractEntry package.json
226 silly gunzTarPerm modified mode [ 'package.json', 420, 438 ]
227 silly gunzTarPerm extractEntry include_dirs.js
228 silly gunzTarPerm modified mode [ 'include_dirs.js', 436, 438 ]
229 silly gunzTarPerm extractEntry nan_converters.h
230 silly gunzTarPerm modified mode [ 'nan_converters.h', 436, 438 ]
231 silly gunzTarPerm extractEntry README.md
232 silly gunzTarPerm modified mode [ 'README.md', 420, 438 ]
233 silly gunzTarPerm extractEntry bindings.js
234 silly gunzTarPerm modified mode [ 'bindings.js', 420, 438 ]
235 silly gunzTarPerm extractEntry README.md
236 silly gunzTarPerm modified mode [ 'README.md', 420, 438 ]
237 silly gunzTarPerm extractEntry .travis.yml
238 silly gunzTarPerm modified mode [ '.travis.yml', 420, 438 ]
239 silly gunzTarPerm extractEntry LICENSE.md
240 silly gunzTarPerm modified mode [ 'LICENSE.md', 436, 438 ]
241 silly gunzTarPerm extractEntry .dntrc
242 silly gunzTarPerm modified mode [ '.dntrc', 436, 438 ]
243 silly gunzTarPerm extractEntry binding.gyp
244 silly gunzTarPerm modified mode [ 'binding.gyp', 420, 438 ]
245 silly gunzTarPerm extractEntry build/Makefile
246 silly gunzTarPerm modified mode [ 'build/Makefile', 420, 438 ]
247 silly gunzTarPerm extractEntry build/Release/.deps/Release/obj.target/rpio/src/bcm2835.o.d
248 silly gunzTarPerm modified mode [ 'build/Release/.deps/Release/obj.target/rpio/src/bcm2835.o.d',
248 silly gunzTarPerm   420,
248 silly gunzTarPerm   438 ]
249 silly gunzTarPerm extractEntry build/Release/.deps/Release/obj.target/rpio/src/rpio.o.d
250 silly gunzTarPerm modified mode [ 'build/Release/.deps/Release/obj.target/rpio/src/rpio.o.d',
250 silly gunzTarPerm   420,
250 silly gunzTarPerm   438 ]
251 silly gunzTarPerm extractEntry appveyor.yml
252 silly gunzTarPerm modified mode [ 'appveyor.yml', 436, 438 ]
253 silly gunzTarPerm extractEntry doc/new.md
254 silly gunzTarPerm modified mode [ 'doc/new.md', 436, 438 ]
255 silly gunzTarPerm extractEntry doc/.build.sh
256 silly gunzTarPerm modified mode [ 'doc/.build.sh', 509, 511 ]
257 silly gunzTarPerm extractEntry build/Release/.deps/Release/rpio.node.d
258 silly gunzTarPerm modified mode [ 'build/Release/.deps/Release/rpio.node.d', 420, 438 ]
259 silly gunzTarPerm extractEntry build/Release/obj.target/rpio/src/bcm2835.o
260 silly gunzTarPerm modified mode [ 'build/Release/obj.target/rpio/src/bcm2835.o', 420, 438 ]
261 silly gunzTarPerm extractEntry doc/buffers.md
262 silly gunzTarPerm modified mode [ 'doc/buffers.md', 436, 438 ]
263 silly gunzTarPerm extractEntry doc/callback.md
264 silly gunzTarPerm modified mode [ 'doc/callback.md', 436, 438 ]
265 silly gunzTarPerm extractEntry doc/converters.md
266 silly gunzTarPerm modified mode [ 'doc/converters.md', 436, 438 ]
267 silly gunzTarPerm extractEntry doc/errors.md
268 silly gunzTarPerm modified mode [ 'doc/errors.md', 436, 438 ]
269 silly gentlyRm C:\Users\John Rucker\NodeCode\PiProjects\RiverGauage\node_modules\.staging\bindings-b796956d\node_modules is being purged
270 verbose gentlyRm don't care about contents; nuking C:\Users\John Rucker\NodeCode\PiProjects\RiverGauage\node_modules\.staging\bindings-b796956d\node_modules
271 silly gunzTarPerm extractEntry build/Release/obj.target/rpio/src/rpio.o
272 silly gunzTarPerm modified mode [ 'build/Release/obj.target/rpio/src/rpio.o', 420, 438 ]
273 silly gunzTarPerm extractEntry build/Release/rpio.node
274 silly gunzTarPerm modified mode [ 'build/Release/rpio.node', 493, 511 ]
275 silly gunzTarPerm extractEntry doc/maybe_types.md
276 silly gunzTarPerm modified mode [ 'doc/maybe_types.md', 436, 438 ]
277 silly gunzTarPerm extractEntry doc/methods.md
278 silly gunzTarPerm modified mode [ 'doc/methods.md', 436, 438 ]
279 silly gunzTarPerm extractEntry build/binding.Makefile
280 silly gunzTarPerm modified mode [ 'build/binding.Makefile', 420, 438 ]
281 silly gunzTarPerm extractEntry build/gyp-mac-tool
282 silly gunzTarPerm modified mode [ 'build/gyp-mac-tool', 493, 511 ]
283 silly gunzTarPerm extractEntry doc/asyncworker.md
284 silly gunzTarPerm modified mode [ 'doc/asyncworker.md', 436, 438 ]
285 silly gunzTarPerm extractEntry doc/node_misc.md
286 silly gunzTarPerm modified mode [ 'doc/node_misc.md', 436, 438 ]
287 silly gunzTarPerm extractEntry doc/object_wrappers.md
288 silly gunzTarPerm modified mode [ 'doc/object_wrappers.md', 436, 438 ]
289 silly gunzTarPerm extractEntry doc/persistent.md
290 silly gunzTarPerm modified mode [ 'doc/persistent.md', 436, 438 ]
291 silly gunzTarPerm extractEntry build/rpio.target.mk
292 silly gunzTarPerm modified mode [ 'build/rpio.target.mk', 420, 438 ]
293 silly gunzTarPerm extractEntry doc/scopes.md
294 silly gunzTarPerm modified mode [ 'doc/scopes.md', 436, 438 ]
295 silly gunzTarPerm extractEntry doc/script.md
296 silly gunzTarPerm modified mode [ 'doc/script.md', 436, 438 ]
297 silly gunzTarPerm extractEntry doc/string_bytes.md
298 silly gunzTarPerm modified mode [ 'doc/string_bytes.md', 436, 438 ]
299 silly gunzTarPerm extractEntry doc/v8_internals.md
300 silly gunzTarPerm modified mode [ 'doc/v8_internals.md', 436, 438 ]
301 silly gunzTarPerm extractEntry doc/v8_misc.md
302 silly gunzTarPerm modified mode [ 'doc/v8_misc.md', 436, 438 ]
303 silly gunzTarPerm extractEntry nan.h
304 silly gunzTarPerm modified mode [ 'nan.h', 436, 438 ]
305 silly gunzTarPerm extractEntry examples/button.js
306 silly gunzTarPerm modified mode [ 'examples/button.js', 420, 438 ]
307 silly gunzTarPerm extractEntry examples/dht11.js
308 silly gunzTarPerm modified mode [ 'examples/dht11.js', 420, 438 ]
309 silly gunzTarPerm extractEntry nan_callbacks.h
310 silly gunzTarPerm modified mode [ 'nan_callbacks.h', 436, 438 ]
311 silly gunzTarPerm extractEntry nan_callbacks_12_inl.h
312 silly gunzTarPerm modified mode [ 'nan_callbacks_12_inl.h', 436, 438 ]
313 silly gunzTarPerm extractEntry nan_callbacks_pre_12_inl.h
314 silly gunzTarPerm modified mode [ 'nan_callbacks_pre_12_inl.h', 436, 438 ]
315 silly gunzTarPerm extractEntry nan_converters_43_inl.h
316 silly gunzTarPerm modified mode [ 'nan_converters_43_inl.h', 436, 438 ]
317 silly gunzTarPerm extractEntry examples/i2c-lcd.js
318 silly gunzTarPerm modified mode [ 'examples/i2c-lcd.js', 420, 438 ]
319 silly gunzTarPerm extractEntry examples/padcontrol.js
320 silly gunzTarPerm modified mode [ 'examples/padcontrol.js', 420, 438 ]
321 silly gunzTarPerm extractEntry nan_converters_pre_43_inl.h
322 silly gunzTarPerm modified mode [ 'nan_converters_pre_43_inl.h', 436, 438 ]
323 silly gunzTarPerm extractEntry nan_implementation_12_inl.h
324 silly gunzTarPerm modified mode [ 'nan_implementation_12_inl.h', 436, 438 ]
325 silly gunzTarPerm extractEntry nan_implementation_pre_12_inl.h
326 silly gunzTarPerm modified mode [ 'nan_implementation_pre_12_inl.h', 436, 438 ]
327 silly gunzTarPerm extractEntry nan_maybe_43_inl.h
328 silly gunzTarPerm modified mode [ 'nan_maybe_43_inl.h', 436, 438 ]
329 silly gunzTarPerm extractEntry examples/pwm-led.js
330 silly gunzTarPerm modified mode [ 'examples/pwm-led.js', 420, 438 ]
331 silly gunzTarPerm extractEntry examples/spi-at93c46.js
332 silly gunzTarPerm modified mode [ 'examples/spi-at93c46.js', 420, 438 ]
333 silly gunzTarPerm extractEntry lib/rpio.js
334 silly gunzTarPerm modified mode [ 'lib/rpio.js', 420, 438 ]
335 silly gunzTarPerm extractEntry src/bcm2835.c
336 silly gunzTarPerm modified mode [ 'src/bcm2835.c', 420, 438 ]
337 silly gunzTarPerm extractEntry src/bcm2835.h
338 silly gunzTarPerm modified mode [ 'src/bcm2835.h', 420, 438 ]
339 silly gunzTarPerm extractEntry src/rpio.cc
340 silly gunzTarPerm modified mode [ 'src/rpio.cc', 420, 438 ]
341 silly gunzTarPerm extractEntry nan_maybe_pre_43_inl.h
342 silly gunzTarPerm modified mode [ 'nan_maybe_pre_43_inl.h', 436, 438 ]
343 silly gunzTarPerm extractEntry nan_new.h
344 silly gunzTarPerm modified mode [ 'nan_new.h', 436, 438 ]
345 silly gunzTarPerm extractEntry nan_object_wrap.h
346 silly gunzTarPerm modified mode [ 'nan_object_wrap.h', 436, 438 ]
347 silly gunzTarPerm extractEntry nan_persistent_12_inl.h
348 silly gunzTarPerm modified mode [ 'nan_persistent_12_inl.h', 436, 438 ]
349 silly gunzTarPerm extractEntry nan_persistent_pre_12_inl.h
350 silly gunzTarPerm modified mode [ 'nan_persistent_pre_12_inl.h', 436, 438 ]
351 silly gunzTarPerm extractEntry nan_string_bytes.h
352 silly gunzTarPerm modified mode [ 'nan_string_bytes.h', 436, 438 ]
353 silly gunzTarPerm extractEntry nan_typedarray_contents.h
354 silly gunzTarPerm modified mode [ 'nan_typedarray_contents.h', 436, 438 ]
355 silly gunzTarPerm extractEntry nan_weak.h
356 silly gunzTarPerm modified mode [ 'nan_weak.h', 436, 438 ]
357 silly gunzTarPerm extractEntry CHANGELOG.md
358 silly gunzTarPerm modified mode [ 'CHANGELOG.md', 436, 438 ]
359 silly gunzTarPerm extractEntry tools/package.json
360 silly gunzTarPerm modified mode [ 'tools/package.json', 436, 438 ]
361 silly gunzTarPerm extractEntry tools/README.md
362 silly gunzTarPerm modified mode [ 'tools/README.md', 436, 438 ]
363 silly gunzTarPerm extractEntry tools/1to2.js
364 silly gunzTarPerm modified mode [ 'tools/1to2.js', 509, 511 ]
365 silly gentlyRm C:\Users\John Rucker\NodeCode\PiProjects\RiverGauage\node_modules\.staging\nan-58f42f99\node_modules is being purged
366 verbose gentlyRm don't care about contents; nuking C:\Users\John Rucker\NodeCode\PiProjects\RiverGauage\node_modules\.staging\nan-58f42f99\node_modules
367 silly gentlyRm C:\Users\John Rucker\NodeCode\PiProjects\RiverGauage\node_modules\.staging\rpio-fba6f706\node_modules is being purged
368 verbose gentlyRm don't care about contents; nuking C:\Users\John Rucker\NodeCode\PiProjects\RiverGauage\node_modules\.staging\rpio-fba6f706\node_modules
369 silly doParallel preinstall 3
370 silly preinstall bindings@1.2.1 C:\Users\John Rucker\NodeCode\PiProjects\RiverGauage\node_modules\.staging\bindings-b796956d
371 info lifecycle bindings@1.2.1~preinstall: bindings@1.2.1
372 silly preinstall nan@2.2.1 C:\Users\John Rucker\NodeCode\PiProjects\RiverGauage\node_modules\.staging\nan-58f42f99
373 info lifecycle nan@2.2.1~preinstall: nan@2.2.1
374 silly preinstall rpio@0.9.10 C:\Users\John Rucker\NodeCode\PiProjects\RiverGauage\node_modules\.staging\rpio-fba6f706
375 info lifecycle rpio@0.9.10~preinstall: rpio@0.9.10
376 silly lifecycle bindings@1.2.1~preinstall: no script for preinstall, continuing
377 silly lifecycle nan@2.2.1~preinstall: no script for preinstall, continuing
378 silly lifecycle rpio@0.9.10~preinstall: no script for preinstall, continuing
379 silly doReverseSerial remove 0
380 silly doSerial move 0
381 silly doSerial finalize 3
382 silly finalize C:\Users\John Rucker\NodeCode\PiProjects\RiverGauage\node_modules\bindings
383 silly finalize C:\Users\John Rucker\NodeCode\PiProjects\RiverGauage\node_modules\nan
384 silly finalize C:\Users\John Rucker\NodeCode\PiProjects\RiverGauage\node_modules\rpio
385 silly doSerial build 3
386 silly build bindings@1.2.1
387 info linkStuff bindings@1.2.1
388 silly linkStuff bindings@1.2.1 has C:\Users\John Rucker\NodeCode\PiProjects\RiverGauage\node_modules as its parent node_modules
389 verbose linkBins bindings@1.2.1
390 verbose linkMans bindings@1.2.1
391 silly build nan@2.2.1
392 info linkStuff nan@2.2.1
393 silly linkStuff nan@2.2.1 has C:\Users\John Rucker\NodeCode\PiProjects\RiverGauage\node_modules as its parent node_modules
394 verbose linkBins nan@2.2.1
395 verbose linkMans nan@2.2.1
396 silly build rpio@0.9.10
397 info linkStuff rpio@0.9.10
398 silly linkStuff rpio@0.9.10 has C:\Users\John Rucker\NodeCode\PiProjects\RiverGauage\node_modules as its parent node_modules
399 verbose linkBins rpio@0.9.10
400 verbose linkMans rpio@0.9.10
401 silly doSerial global-link 0
402 silly doParallel update-linked 0
403 silly doSerial install 3
404 silly install bindings@1.2.1 C:\Users\John Rucker\NodeCode\PiProjects\RiverGauage\node_modules\.staging\bindings-b796956d
405 info lifecycle bindings@1.2.1~install: bindings@1.2.1
406 silly lifecycle bindings@1.2.1~install: no script for install, continuing
407 silly install nan@2.2.1 C:\Users\John Rucker\NodeCode\PiProjects\RiverGauage\node_modules\.staging\nan-58f42f99
408 info lifecycle nan@2.2.1~install: nan@2.2.1
409 silly lifecycle nan@2.2.1~install: no script for install, continuing
410 silly install rpio@0.9.10 C:\Users\John Rucker\NodeCode\PiProjects\RiverGauage\node_modules\.staging\rpio-fba6f706
411 info lifecycle rpio@0.9.10~install: rpio@0.9.10
412 verbose lifecycle rpio@0.9.10~install: unsafe-perm in lifecycle true
413 verbose lifecycle rpio@0.9.10~install: PATH: C:\Program Files\nodejs\node_modules\npm\bin\node-gyp-bin;C:\Users\John Rucker\NodeCode\PiProjects\RiverGauage\node_modules\rpio\node_modules\.bin;C:\Users\John Rucker\NodeCode\PiProjects\RiverGauage\node_modules\.bin;C:\Program Files\nodejs;C:\Windows\system32;C:\Windows;C:\Windows\System32\Wbem;C:\Windows\System32\WindowsPowerShell\v1.0\;C:\Program Files (x86)\ATI Technologies\ATI.ACE\Core-Static;C:\Program Files (x86)\Microsoft SQL Server\100\Tools\Binn\;C:\Program Files\Microsoft SQL Server\100\Tools\Binn\;C:\Program Files\Microsoft SQL Server\100\DTS\Binn\;C:\Program Files\Microsoft SQL Server\110\Tools\Binn\;C:\Program Files (x86)\QuickTime\QTSystem\;C:\Program Files (x86)\Skype\Phone\;%USERPROFILE%\.dnx\bin;C:\Program Files\Microsoft DNX\Dnvm\;C:\Program Files\nodejs\;;C:\propgcc\bin;C:\Program Files (x86)\Microsoft VS Code\bin;C:\Users\John Rucker\AppData\Roaming\npm
414 verbose lifecycle rpio@0.9.10~install: CWD: C:\Users\John Rucker\NodeCode\PiProjects\RiverGauage\node_modules\rpio
415 silly lifecycle rpio@0.9.10~install: Args: [ '/d /s /c', 'node-gyp rebuild' ]
416 silly lifecycle rpio@0.9.10~install: Returned: code: 1  signal: null
417 info lifecycle rpio@0.9.10~install: Failed to exec install script
418 verbose unlock done using C:\Users\John Rucker\AppData\Roaming\npm-cache\_locks\staging-8a0f27e39da18de1.lock for C:\Users\John Rucker\NodeCode\PiProjects\RiverGauage\node_modules\.staging
419 silly rollbackFailedOptional Starting
420 silly rollbackFailedOptional Finishing
421 silly runTopLevelLifecycles Starting
422 silly runTopLevelLifecycles Finishing
423 silly install printInstalled
424 verbose stack Error: rpio@0.9.10 install: `node-gyp rebuild`
424 verbose stack Exit status 1
424 verbose stack     at EventEmitter.<anonymous> (C:\Program Files\nodejs\node_modules\npm\lib\utils\lifecycle.js:239:16)
424 verbose stack     at emitTwo (events.js:100:13)
424 verbose stack     at EventEmitter.emit (events.js:185:7)
424 verbose stack     at ChildProcess.<anonymous> (C:\Program Files\nodejs\node_modules\npm\lib\utils\spawn.js:24:14)
424 verbose stack     at emitTwo (events.js:100:13)
424 verbose stack     at ChildProcess.emit (events.js:185:7)
424 verbose stack     at maybeClose (internal/child_process.js:850:16)
424 verbose stack     at Process.ChildProcess._handle.onexit (internal/child_process.js:215:5)
425 verbose pkgid rpio@0.9.10
426 verbose cwd C:\Users\John Rucker\NodeCode\PiProjects\RiverGauage
427 error Windows_NT 6.1.7601
428 error argv "C:\\Program Files\\nodejs\\node.exe" "C:\\Program Files\\nodejs\\node_modules\\npm\\bin\\npm-cli.js" "install" "--save" "rpio"
429 error node v5.10.1
430 error npm  v3.8.3
431 error code ELIFECYCLE
432 error rpio@0.9.10 install: `node-gyp rebuild`
432 error Exit status 1
433 error Failed at the rpio@0.9.10 install script 'node-gyp rebuild'.
433 error Make sure you have the latest version of node.js and npm installed.
433 error If you do, this is most likely a problem with the rpio package,
433 error not with npm itself.
433 error Tell the author that this fails on your system:
433 error     node-gyp rebuild
433 error You can get information on how to open an issue for this project with:
433 error     npm bugs rpio
433 error Or if that isn't available, you can get their info via:
433 error     npm owner ls rpio
433 error There is likely additional logging output above.
434 verbose exit [ 1, true ]
