0 info it worked if it ends with ok
1 verbose cli [ 'C:\\Program Files\\nodejs\\node.exe',
1 verbose cli   'C:\\Program Files\\nodejs\\node_modules\\npm\\bin\\npm-cli.js',
1 verbose cli   'install',
1 verbose cli   '.',
1 verbose cli   '-g' ]
2 info using npm@3.8.3
3 info using node@v5.10.1
4 silly loadCurrentTree Starting
5 silly install loadCurrentTree
6 silly install readGlobalPackageData
7 silly fetchPackageMetaData .
8 silly fetchDirectoryPackageData .
9 silly install normalizeTree
10 silly loadCurrentTree Finishing
11 silly loadIdealTree Starting
12 silly install loadIdealTree
13 silly cloneCurrentTree Starting
14 silly install cloneCurrentTreeToIdealTree
15 silly cloneCurrentTree Finishing
16 silly loadShrinkwrap Starting
17 silly install loadShrinkwrap
18 silly loadShrinkwrap Finishing
19 silly loadAllDepsIntoIdealTree Starting
20 silly install loadAllDepsIntoIdealTree
21 silly resolveWithNewModule panelmeter@1.0.0 checking installable status
22 silly cache add args [ '.', null ]
23 verbose cache add spec .
24 silly cache add parsed spec Result {
24 silly cache add   raw: '.',
24 silly cache add   scope: null,
24 silly cache add   name: null,
24 silly cache add   rawSpec: '.',
24 silly cache add   spec: 'C:\\Users\\John Rucker\\NodeCode\\PiProjects\\panelMeter',
24 silly cache add   type: 'directory' }
25 verbose addLocalDirectory C:\Users\John Rucker\AppData\Roaming\npm-cache\panelmeter\1.0.0\package.tgz not in flight; packing
26 verbose correctMkdir C:\Users\John Rucker\AppData\Roaming\npm-cache correctMkdir not in flight; initializing
27 info lifecycle panelmeter@1.0.0~prepublish: panelmeter@1.0.0
28 silly lifecycle panelmeter@1.0.0~prepublish: no script for prepublish, continuing
29 verbose tar pack [ 'C:\\Users\\John Rucker\\AppData\\Roaming\\npm-cache\\panelmeter\\1.0.0\\package.tgz',
29 verbose tar pack   'C:\\Users\\John Rucker\\NodeCode\\PiProjects\\panelMeter' ]
30 verbose tarball C:\Users\John Rucker\AppData\Roaming\npm-cache\panelmeter\1.0.0\package.tgz
31 verbose folder C:\Users\John Rucker\NodeCode\PiProjects\panelMeter
32 verbose addLocalTarball adding from inside cache C:\Users\John Rucker\AppData\Roaming\npm-cache\panelmeter\1.0.0\package.tgz
33 verbose correctMkdir C:\Users\John Rucker\AppData\Roaming\npm-cache correctMkdir not in flight; initializing
34 silly cache afterAdd panelmeter@1.0.0
35 verbose afterAdd C:\Users\John Rucker\AppData\Roaming\npm-cache\panelmeter\1.0.0\package\package.json not in flight; writing
36 verbose correctMkdir C:\Users\John Rucker\AppData\Roaming\npm-cache correctMkdir not in flight; initializing
37 verbose afterAdd C:\Users\John Rucker\AppData\Roaming\npm-cache\panelmeter\1.0.0\package\package.json written
38 silly fetchNamedPackageData rpio
39 silly mapToRegistry name rpio
40 silly mapToRegistry using default registry
41 silly mapToRegistry registry https://registry.npmjs.org/
42 silly mapToRegistry data Result {
42 silly mapToRegistry   raw: 'rpio',
42 silly mapToRegistry   scope: null,
42 silly mapToRegistry   name: 'rpio',
42 silly mapToRegistry   rawSpec: '',
42 silly mapToRegistry   spec: 'latest',
42 silly mapToRegistry   type: 'tag' }
43 silly mapToRegistry uri https://registry.npmjs.org/rpio
44 verbose request uri https://registry.npmjs.org/rpio
45 verbose request no auth needed
46 info attempt registry request try #1 at 10:10:07 AM
47 verbose request id 87f24d02fe84377e
48 verbose etag "73EGDCEQWOAV06FAZ0XKQ4H0R"
49 http request GET https://registry.npmjs.org/rpio
50 http 304 https://registry.npmjs.org/rpio
51 verbose headers { date: 'Tue, 12 Apr 2016 15:10:12 GMT',
51 verbose headers   via: '1.1 varnish',
51 verbose headers   'cache-control': 'max-age=300',
51 verbose headers   etag: '"73EGDCEQWOAV06FAZ0XKQ4H0R"',
51 verbose headers   age: '0',
51 verbose headers   connection: 'keep-alive',
51 verbose headers   'x-served-by': 'cache-ord1737-ORD',
51 verbose headers   'x-cache': 'MISS',
51 verbose headers   'x-cache-hits': '0',
51 verbose headers   'x-timer': 'S1460473812.676989,VS0,VE190',
51 verbose headers   vary: 'Accept-Encoding' }
52 silly get cb [ 304,
52 silly get   { date: 'Tue, 12 Apr 2016 15:10:12 GMT',
52 silly get     via: '1.1 varnish',
52 silly get     'cache-control': 'max-age=300',
52 silly get     etag: '"73EGDCEQWOAV06FAZ0XKQ4H0R"',
52 silly get     age: '0',
52 silly get     connection: 'keep-alive',
52 silly get     'x-served-by': 'cache-ord1737-ORD',
52 silly get     'x-cache': 'MISS',
52 silly get     'x-cache-hits': '0',
52 silly get     'x-timer': 'S1460473812.676989,VS0,VE190',
52 silly get     vary: 'Accept-Encoding' } ]
53 verbose etag https://registry.npmjs.org/rpio from cache
54 verbose get saving rpio to C:\Users\John Rucker\AppData\Roaming\npm-cache\registry.npmjs.org\rpio\.cache.json
55 verbose correctMkdir C:\Users\John Rucker\AppData\Roaming\npm-cache correctMkdir not in flight; initializing
56 silly resolveWithNewModule rpio@0.9.10 checking installable status
57 silly cache add args [ 'rpio@^0.9.10', null ]
58 verbose cache add spec rpio@^0.9.10
59 silly cache add parsed spec Result {
59 silly cache add   raw: 'rpio@^0.9.10',
59 silly cache add   scope: null,
59 silly cache add   name: 'rpio',
59 silly cache add   rawSpec: '^0.9.10',
59 silly cache add   spec: '>=0.9.10 <0.10.0',
59 silly cache add   type: 'range' }
60 silly addNamed rpio@>=0.9.10 <0.10.0
61 verbose addNamed ">=0.9.10 <0.10.0" is a valid semver range for rpio
62 silly addNameRange { name: 'rpio', range: '>=0.9.10 <0.10.0', hasData: false }
63 silly mapToRegistry name rpio
64 silly mapToRegistry using default registry
65 silly mapToRegistry registry https://registry.npmjs.org/
66 silly mapToRegistry data Result {
66 silly mapToRegistry   raw: 'rpio',
66 silly mapToRegistry   scope: null,
66 silly mapToRegistry   name: 'rpio',
66 silly mapToRegistry   rawSpec: '',
66 silly mapToRegistry   spec: 'latest',
66 silly mapToRegistry   type: 'tag' }
67 silly mapToRegistry uri https://registry.npmjs.org/rpio
68 verbose addNameRange registry:https://registry.npmjs.org/rpio not in flight; fetching
69 verbose get https://registry.npmjs.org/rpio not expired, no request
70 silly addNameRange number 2 { name: 'rpio', range: '>=0.9.10 <0.10.0', hasData: true }
71 silly addNameRange versions [ 'rpio',
71 silly addNameRange   [ '0.0.1',
71 silly addNameRange     '0.0.2',
71 silly addNameRange     '0.0.3',
71 silly addNameRange     '0.0.4',
71 silly addNameRange     '0.0.5',
71 silly addNameRange     '0.0.6',
71 silly addNameRange     '0.0.7',
71 silly addNameRange     '0.0.8',
71 silly addNameRange     '0.0.9',
71 silly addNameRange     '0.0.10',
71 silly addNameRange     '0.1.0',
71 silly addNameRange     '0.1.1',
71 silly addNameRange     '0.1.2',
71 silly addNameRange     '0.2.0',
71 silly addNameRange     '0.2.1',
71 silly addNameRange     '0.2.2',
71 silly addNameRange     '0.2.3',
71 silly addNameRange     '0.3.0',
71 silly addNameRange     '0.3.1',
71 silly addNameRange     '0.4.0',
71 silly addNameRange     '0.4.1',
71 silly addNameRange     '0.4.2',
71 silly addNameRange     '0.4.3',
71 silly addNameRange     '0.4.4',
71 silly addNameRange     '0.4.5',
71 silly addNameRange     '0.5.0',
71 silly addNameRange     '0.5.1',
71 silly addNameRange     '0.6.0',
71 silly addNameRange     '0.6.1',
71 silly addNameRange     '0.6.2',
71 silly addNameRange     '0.6.3',
71 silly addNameRange     '0.6.4',
71 silly addNameRange     '0.6.5',
71 silly addNameRange     '0.6.6',
71 silly addNameRange     '0.7.0',
71 silly addNameRange     '0.8.0',
71 silly addNameRange     '0.8.1',
71 silly addNameRange     '0.8.2',
71 silly addNameRange     '0.8.3',
71 silly addNameRange     '0.8.4',
71 silly addNameRange     '0.8.5',
71 silly addNameRange     '0.8.6',
71 silly addNameRange     '0.8.7',
71 silly addNameRange     '0.8.8',
71 silly addNameRange     '0.8.9',
71 silly addNameRange     '0.8.10',
71 silly addNameRange     '0.8.11',
71 silly addNameRange     '0.9.0',
71 silly addNameRange     '0.9.1',
71 silly addNameRange     '0.9.2',
71 silly addNameRange     '0.9.3',
71 silly addNameRange     '0.9.4',
71 silly addNameRange     '0.9.5',
71 silly addNameRange     '0.9.6',
71 silly addNameRange     '0.9.7',
71 silly addNameRange     '0.9.8',
71 silly addNameRange     '0.9.9',
71 silly addNameRange     '0.9.10' ] ]
72 silly addNamed rpio@0.9.10
73 verbose addNamed "0.9.10" is a plain semver version for rpio
74 silly cache afterAdd rpio@0.9.10
75 verbose afterAdd C:\Users\John Rucker\AppData\Roaming\npm-cache\rpio\0.9.10\package\package.json not in flight; writing
76 verbose correctMkdir C:\Users\John Rucker\AppData\Roaming\npm-cache correctMkdir not in flight; initializing
77 verbose afterAdd C:\Users\John Rucker\AppData\Roaming\npm-cache\rpio\0.9.10\package\package.json written
78 silly fetchNamedPackageData bindings
79 silly mapToRegistry name bindings
80 silly mapToRegistry using default registry
81 silly mapToRegistry registry https://registry.npmjs.org/
82 silly mapToRegistry data Result {
82 silly mapToRegistry   raw: 'bindings',
82 silly mapToRegistry   scope: null,
82 silly mapToRegistry   name: 'bindings',
82 silly mapToRegistry   rawSpec: '',
82 silly mapToRegistry   spec: 'latest',
82 silly mapToRegistry   type: 'tag' }
83 silly mapToRegistry uri https://registry.npmjs.org/bindings
84 silly fetchNamedPackageData nan
85 silly mapToRegistry name nan
86 silly mapToRegistry using default registry
87 silly mapToRegistry registry https://registry.npmjs.org/
88 silly mapToRegistry data Result {
88 silly mapToRegistry   raw: 'nan',
88 silly mapToRegistry   scope: null,
88 silly mapToRegistry   name: 'nan',
88 silly mapToRegistry   rawSpec: '',
88 silly mapToRegistry   spec: 'latest',
88 silly mapToRegistry   type: 'tag' }
89 silly mapToRegistry uri https://registry.npmjs.org/nan
90 verbose request uri https://registry.npmjs.org/bindings
91 verbose request no auth needed
92 info attempt registry request try #1 at 10:10:07 AM
93 verbose etag "1LLBF9OH58DLBEL4629U6032D"
94 http request GET https://registry.npmjs.org/bindings
95 verbose request uri https://registry.npmjs.org/nan
96 verbose request no auth needed
97 info attempt registry request try #1 at 10:10:07 AM
98 verbose etag "2UZKQOUIL0TMX4WY7FZ5Q5HJQ"
99 http request GET https://registry.npmjs.org/nan
100 http 200 https://registry.npmjs.org/bindings
101 verbose headers { server: 'CouchDB/1.5.0 (Erlang OTP/R16B03)',
101 verbose headers   etag: '"4ZQ9WLHJ86658NNDL9B153ZC0"',
101 verbose headers   'content-type': 'application/json',
101 verbose headers   'content-encoding': 'gzip',
101 verbose headers   'cache-control': 'max-age=300',
101 verbose headers   'content-length': '3774',
101 verbose headers   'accept-ranges': 'bytes',
101 verbose headers   date: 'Tue, 12 Apr 2016 15:10:12 GMT',
101 verbose headers   via: '1.1 varnish',
101 verbose headers   age: '161',
101 verbose headers   connection: 'keep-alive',
101 verbose headers   'x-served-by': 'cache-ord1737-ORD',
101 verbose headers   'x-cache': 'HIT',
101 verbose headers   'x-cache-hits': '2',
101 verbose headers   'x-timer': 'S1460473812.960446,VS0,VE0',
101 verbose headers   vary: 'Accept-Encoding' }
102 silly get cb [ 200,
102 silly get   { server: 'CouchDB/1.5.0 (Erlang OTP/R16B03)',
102 silly get     etag: '"4ZQ9WLHJ86658NNDL9B153ZC0"',
102 silly get     'content-type': 'application/json',
102 silly get     'content-encoding': 'gzip',
102 silly get     'cache-control': 'max-age=300',
102 silly get     'content-length': '3774',
102 silly get     'accept-ranges': 'bytes',
102 silly get     date: 'Tue, 12 Apr 2016 15:10:12 GMT',
102 silly get     via: '1.1 varnish',
102 silly get     age: '161',
102 silly get     connection: 'keep-alive',
102 silly get     'x-served-by': 'cache-ord1737-ORD',
102 silly get     'x-cache': 'HIT',
102 silly get     'x-cache-hits': '2',
102 silly get     'x-timer': 'S1460473812.960446,VS0,VE0',
102 silly get     vary: 'Accept-Encoding' } ]
103 verbose get saving bindings to C:\Users\John Rucker\AppData\Roaming\npm-cache\registry.npmjs.org\bindings\.cache.json
104 verbose correctMkdir C:\Users\John Rucker\AppData\Roaming\npm-cache correctMkdir not in flight; initializing
105 silly resolveWithNewModule bindings@1.2.1 checking installable status
106 silly cache add args [ 'bindings@*', null ]
107 verbose cache add spec bindings@*
108 silly cache add parsed spec Result {
108 silly cache add   raw: 'bindings@*',
108 silly cache add   scope: null,
108 silly cache add   name: 'bindings',
108 silly cache add   rawSpec: '*',
108 silly cache add   spec: '*',
108 silly cache add   type: 'range' }
109 silly addNamed bindings@*
110 verbose addNamed "*" is a valid semver range for bindings
111 silly addNameRange { name: 'bindings', range: '*', hasData: false }
112 silly mapToRegistry name bindings
113 silly mapToRegistry using default registry
114 silly mapToRegistry registry https://registry.npmjs.org/
115 silly mapToRegistry data Result {
115 silly mapToRegistry   raw: 'bindings',
115 silly mapToRegistry   scope: null,
115 silly mapToRegistry   name: 'bindings',
115 silly mapToRegistry   rawSpec: '',
115 silly mapToRegistry   spec: 'latest',
115 silly mapToRegistry   type: 'tag' }
116 silly mapToRegistry uri https://registry.npmjs.org/bindings
117 verbose addNameRange registry:https://registry.npmjs.org/bindings not in flight; fetching
118 verbose get https://registry.npmjs.org/bindings not expired, no request
119 silly addNameRange number 2 { name: 'bindings', range: '*', hasData: true }
120 silly addNameRange versions [ 'bindings',
120 silly addNameRange   [ '0.0.1',
120 silly addNameRange     '0.1.0',
120 silly addNameRange     '0.1.1',
120 silly addNameRange     '0.2.0',
120 silly addNameRange     '0.2.1',
120 silly addNameRange     '0.2.2',
120 silly addNameRange     '0.2.3',
120 silly addNameRange     '0.2.4',
120 silly addNameRange     '0.3.0',
120 silly addNameRange     '0.4.0',
120 silly addNameRange     '1.0.0',
120 silly addNameRange     '1.1.0',
120 silly addNameRange     '1.1.1',
120 silly addNameRange     '1.2.0',
120 silly addNameRange     '1.2.1' ] ]
121 silly addNamed bindings@1.2.1
122 verbose addNamed "1.2.1" is a plain semver version for bindings
123 silly cache afterAdd bindings@1.2.1
124 verbose afterAdd C:\Users\John Rucker\AppData\Roaming\npm-cache\bindings\1.2.1\package\package.json not in flight; writing
125 verbose correctMkdir C:\Users\John Rucker\AppData\Roaming\npm-cache correctMkdir not in flight; initializing
126 verbose afterAdd C:\Users\John Rucker\AppData\Roaming\npm-cache\bindings\1.2.1\package\package.json written
127 http 304 https://registry.npmjs.org/nan
128 verbose headers { date: 'Tue, 12 Apr 2016 15:10:12 GMT',
128 verbose headers   via: '1.1 varnish',
128 verbose headers   'cache-control': 'max-age=300',
128 verbose headers   etag: '"2UZKQOUIL0TMX4WY7FZ5Q5HJQ"',
128 verbose headers   age: '277',
128 verbose headers   connection: 'keep-alive',
128 verbose headers   'x-served-by': 'cache-ord1738-ORD',
128 verbose headers   'x-cache': 'HIT',
128 verbose headers   'x-cache-hits': '5',
128 verbose headers   'x-timer': 'S1460473812.994746,VS0,VE0',
128 verbose headers   vary: 'Accept-Encoding' }
129 silly get cb [ 304,
129 silly get   { date: 'Tue, 12 Apr 2016 15:10:12 GMT',
129 silly get     via: '1.1 varnish',
129 silly get     'cache-control': 'max-age=300',
129 silly get     etag: '"2UZKQOUIL0TMX4WY7FZ5Q5HJQ"',
129 silly get     age: '277',
129 silly get     connection: 'keep-alive',
129 silly get     'x-served-by': 'cache-ord1738-ORD',
129 silly get     'x-cache': 'HIT',
129 silly get     'x-cache-hits': '5',
129 silly get     'x-timer': 'S1460473812.994746,VS0,VE0',
129 silly get     vary: 'Accept-Encoding' } ]
130 verbose etag https://registry.npmjs.org/nan from cache
131 verbose get saving nan to C:\Users\John Rucker\AppData\Roaming\npm-cache\registry.npmjs.org\nan\.cache.json
132 verbose correctMkdir C:\Users\John Rucker\AppData\Roaming\npm-cache correctMkdir not in flight; initializing
133 silly resolveWithNewModule nan@2.2.1 checking installable status
134 silly cache add args [ 'nan@*', null ]
135 verbose cache add spec nan@*
136 silly cache add parsed spec Result {
136 silly cache add   raw: 'nan@*',
136 silly cache add   scope: null,
136 silly cache add   name: 'nan',
136 silly cache add   rawSpec: '*',
136 silly cache add   spec: '*',
136 silly cache add   type: 'range' }
137 silly addNamed nan@*
138 verbose addNamed "*" is a valid semver range for nan
139 silly addNameRange { name: 'nan', range: '*', hasData: false }
140 silly mapToRegistry name nan
141 silly mapToRegistry using default registry
142 silly mapToRegistry registry https://registry.npmjs.org/
143 silly mapToRegistry data Result {
143 silly mapToRegistry   raw: 'nan',
143 silly mapToRegistry   scope: null,
143 silly mapToRegistry   name: 'nan',
143 silly mapToRegistry   rawSpec: '',
143 silly mapToRegistry   spec: 'latest',
143 silly mapToRegistry   type: 'tag' }
144 silly mapToRegistry uri https://registry.npmjs.org/nan
145 verbose addNameRange registry:https://registry.npmjs.org/nan not in flight; fetching
146 verbose get https://registry.npmjs.org/nan not expired, no request
147 silly addNameRange number 2 { name: 'nan', range: '*', hasData: true }
148 silly addNameRange versions [ 'nan',
148 silly addNameRange   [ '0.3.0-wip',
148 silly addNameRange     '0.3.0-wip2',
148 silly addNameRange     '0.3.0',
148 silly addNameRange     '0.3.1',
148 silly addNameRange     '0.3.2',
148 silly addNameRange     '0.4.0',
148 silly addNameRange     '0.4.1',
148 silly addNameRange     '0.4.2',
148 silly addNameRange     '0.4.3',
148 silly addNameRange     '0.4.4',
148 silly addNameRange     '0.5.0',
148 silly addNameRange     '0.5.1',
148 silly addNameRange     '0.5.2',
148 silly addNameRange     '0.6.0',
148 silly addNameRange     '0.7.0',
148 silly addNameRange     '0.7.1',
148 silly addNameRange     '0.8.0',
148 silly addNameRange     '1.0.0',
148 silly addNameRange     '1.1.0',
148 silly addNameRange     '1.1.1',
148 silly addNameRange     '1.1.2',
148 silly addNameRange     '1.2.0',
148 silly addNameRange     '1.3.0',
148 silly addNameRange     '1.4.0',
148 silly addNameRange     '1.4.1',
148 silly addNameRange     '1.5.0',
148 silly addNameRange     '1.4.2',
148 silly addNameRange     '1.4.3',
148 silly addNameRange     '1.5.1',
148 silly addNameRange     '1.5.2',
148 silly addNameRange     '1.6.0',
148 silly addNameRange     '1.5.3',
148 silly addNameRange     '1.6.1',
148 silly addNameRange     '1.6.2',
148 silly addNameRange     '1.7.0',
148 silly addNameRange     '1.8.0',
148 silly addNameRange     '1.8.1',
148 silly addNameRange     '1.8.2',
148 silly addNameRange     '1.8.3',
148 silly addNameRange     '1.8.4',
148 silly addNameRange     '1.9.0',
148 silly addNameRange     '2.0.0',
148 silly addNameRange     '2.0.1',
148 silly addNameRange     '2.0.2',
148 silly addNameRange     '2.0.3',
148 silly addNameRange     '2.0.4',
148 silly addNameRange     '2.0.5',
148 silly addNameRange     '2.0.6',
148 silly addNameRange     '2.0.7',
148 silly addNameRange     '2.0.8',
148 silly addNameRange     '2.0.9',
148 silly addNameRange     '2.1.0',
148 silly addNameRange     '2.2.0',
148 silly addNameRange     '2.2.1' ] ]
149 silly addNamed nan@2.2.1
150 verbose addNamed "2.2.1" is a plain semver version for nan
151 silly cache afterAdd nan@2.2.1
152 verbose afterAdd C:\Users\John Rucker\AppData\Roaming\npm-cache\nan\2.2.1\package\package.json not in flight; writing
153 verbose correctMkdir C:\Users\John Rucker\AppData\Roaming\npm-cache correctMkdir not in flight; initializing
154 verbose afterAdd C:\Users\John Rucker\AppData\Roaming\npm-cache\nan\2.2.1\package\package.json written
155 silly loadAllDepsIntoIdealTree Finishing
156 silly idealTree:prePrune npm
156 silly idealTree:prePrune `-- panelmeter@1.0.0
156 silly idealTree:prePrune   +-- bindings@1.2.1
156 silly idealTree:prePrune   +-- nan@2.2.1
156 silly idealTree:prePrune   `-- rpio@0.9.10
157 silly loadIdealTree Finishing
158 silly currentTree npm
159 silly idealTree npm
159 silly idealTree `-- panelmeter@1.0.0
159 silly idealTree   +-- bindings@1.2.1
159 silly idealTree   +-- nan@2.2.1
159 silly idealTree   `-- rpio@0.9.10
160 silly generateActionsToTake Starting
161 silly install generateActionsToTake
162 silly generateActionsToTake Finishing
163 silly diffTrees action count 4
164 silly diffTrees add bindings@1.2.1
165 silly diffTrees add nan@2.2.1
166 silly diffTrees add rpio@0.9.10
167 silly diffTrees add panelmeter@1.0.0
168 silly decomposeActions action count 32
169 silly decomposeActions fetch bindings@1.2.1
170 silly decomposeActions extract bindings@1.2.1
171 silly decomposeActions test bindings@1.2.1
172 silly decomposeActions preinstall bindings@1.2.1
173 silly decomposeActions build bindings@1.2.1
174 silly decomposeActions install bindings@1.2.1
175 silly decomposeActions postinstall bindings@1.2.1
176 silly decomposeActions finalize bindings@1.2.1
177 silly decomposeActions fetch nan@2.2.1
178 silly decomposeActions extract nan@2.2.1
179 silly decomposeActions test nan@2.2.1
180 silly decomposeActions preinstall nan@2.2.1
181 silly decomposeActions build nan@2.2.1
182 silly decomposeActions install nan@2.2.1
183 silly decomposeActions postinstall nan@2.2.1
184 silly decomposeActions finalize nan@2.2.1
185 silly decomposeActions fetch rpio@0.9.10
186 silly decomposeActions extract rpio@0.9.10
187 silly decomposeActions test rpio@0.9.10
188 silly decomposeActions preinstall rpio@0.9.10
189 silly decomposeActions build rpio@0.9.10
190 silly decomposeActions install rpio@0.9.10
191 silly decomposeActions postinstall rpio@0.9.10
192 silly decomposeActions finalize rpio@0.9.10
193 silly decomposeActions fetch panelmeter@1.0.0
194 silly decomposeActions extract panelmeter@1.0.0
195 silly decomposeActions test panelmeter@1.0.0
196 silly decomposeActions preinstall panelmeter@1.0.0
197 silly decomposeActions build panelmeter@1.0.0
198 silly decomposeActions install panelmeter@1.0.0
199 silly decomposeActions postinstall panelmeter@1.0.0
200 silly decomposeActions finalize panelmeter@1.0.0
201 silly executeActions Starting
202 silly install executeActions
203 silly doSerial global-install 0
204 silly doParallel fetch 4
205 verbose correctMkdir C:\Users\John Rucker\AppData\Roaming\npm-cache\_locks correctMkdir not in flight; initializing
206 verbose lock using C:\Users\John Rucker\AppData\Roaming\npm-cache\_locks\staging-94061b44dc969edb.lock for C:\Users\John Rucker\AppData\Roaming\npm\node_modules\.staging
207 silly doParallel extract 4
208 silly extract bindings@1.2.1
209 silly extract nan@2.2.1
210 silly extract rpio@0.9.10
211 silly extract panelmeter@1.0.0
212 verbose unbuild node_modules\.staging\bindings-363f3bb1
213 verbose unbuild node_modules\.staging\nan-4150ec56
214 verbose unbuild node_modules\.staging\rpio-378a8219
215 verbose unbuild node_modules\.staging\panelmeter-95dd095e
216 silly gentlyRm C:\Users\John Rucker\AppData\Roaming\npm\node_modules\.staging\bindings-363f3bb1 is being purged from base C:\Users\John Rucker\AppData\Roaming\npm
217 verbose gentlyRm don't care about contents; nuking C:\Users\John Rucker\AppData\Roaming\npm\node_modules\.staging\bindings-363f3bb1
218 silly gentlyRm C:\Users\John Rucker\AppData\Roaming\npm\node_modules\.staging\nan-4150ec56 is being purged from base C:\Users\John Rucker\AppData\Roaming\npm
219 verbose gentlyRm don't care about contents; nuking C:\Users\John Rucker\AppData\Roaming\npm\node_modules\.staging\nan-4150ec56
220 silly gentlyRm C:\Users\John Rucker\AppData\Roaming\npm\node_modules\.staging\rpio-378a8219 is being purged from base C:\Users\John Rucker\AppData\Roaming\npm
221 verbose gentlyRm don't care about contents; nuking C:\Users\John Rucker\AppData\Roaming\npm\node_modules\.staging\rpio-378a8219
222 verbose tar unpack C:\Users\John Rucker\AppData\Roaming\npm-cache\bindings\1.2.1\package.tgz
223 verbose tar unpacking to C:\Users\John Rucker\AppData\Roaming\npm\node_modules\.staging\bindings-363f3bb1
224 silly gentlyRm C:\Users\John Rucker\AppData\Roaming\npm\node_modules\.staging\bindings-363f3bb1 is being purged
225 verbose gentlyRm don't care about contents; nuking C:\Users\John Rucker\AppData\Roaming\npm\node_modules\.staging\bindings-363f3bb1
226 verbose tar unpack C:\Users\John Rucker\AppData\Roaming\npm-cache\nan\2.2.1\package.tgz
227 verbose tar unpacking to C:\Users\John Rucker\AppData\Roaming\npm\node_modules\.staging\nan-4150ec56
228 silly gentlyRm C:\Users\John Rucker\AppData\Roaming\npm\node_modules\.staging\nan-4150ec56 is being purged
229 verbose gentlyRm don't care about contents; nuking C:\Users\John Rucker\AppData\Roaming\npm\node_modules\.staging\nan-4150ec56
230 verbose tar unpack C:\Users\John Rucker\AppData\Roaming\npm-cache\rpio\0.9.10\package.tgz
231 verbose tar unpacking to C:\Users\John Rucker\AppData\Roaming\npm\node_modules\.staging\rpio-378a8219
232 silly gentlyRm C:\Users\John Rucker\AppData\Roaming\npm\node_modules\.staging\rpio-378a8219 is being purged
233 verbose gentlyRm don't care about contents; nuking C:\Users\John Rucker\AppData\Roaming\npm\node_modules\.staging\rpio-378a8219
234 silly gentlyRm C:\Users\John Rucker\AppData\Roaming\npm\node_modules\.staging\panelmeter-95dd095e is being purged from base C:\Users\John Rucker\AppData\Roaming\npm
235 verbose gentlyRm don't care about contents; nuking C:\Users\John Rucker\AppData\Roaming\npm\node_modules\.staging\panelmeter-95dd095e
236 silly gunzTarPerm modes [ '777', '666' ]
237 silly gunzTarPerm modes [ '777', '666' ]
238 silly gunzTarPerm modes [ '777', '666' ]
239 verbose tar unpack C:\Users\John Rucker\AppData\Roaming\npm-cache\panelmeter\1.0.0\package.tgz
240 verbose tar unpacking to C:\Users\John Rucker\AppData\Roaming\npm\node_modules\.staging\panelmeter-95dd095e
241 silly gentlyRm C:\Users\John Rucker\AppData\Roaming\npm\node_modules\.staging\panelmeter-95dd095e is being purged
242 verbose gentlyRm don't care about contents; nuking C:\Users\John Rucker\AppData\Roaming\npm\node_modules\.staging\panelmeter-95dd095e
243 silly gunzTarPerm modes [ '777', '666' ]
244 silly gunzTarPerm extractEntry package.json
245 silly gunzTarPerm modified mode [ 'package.json', 420, 438 ]
246 silly gunzTarPerm extractEntry package.json
247 silly gunzTarPerm modified mode [ 'package.json', 436, 438 ]
248 silly gunzTarPerm extractEntry package.json
249 silly gunzTarPerm modified mode [ 'package.json', 420, 438 ]
250 silly gunzTarPerm extractEntry package.json
251 silly gunzTarPerm extractEntry README.md
252 silly gunzTarPerm modified mode [ 'README.md', 420, 438 ]
253 silly gunzTarPerm extractEntry bindings.js
254 silly gunzTarPerm modified mode [ 'bindings.js', 420, 438 ]
255 silly gunzTarPerm extractEntry include_dirs.js
256 silly gunzTarPerm modified mode [ 'include_dirs.js', 436, 438 ]
257 silly gunzTarPerm extractEntry nan_converters.h
258 silly gunzTarPerm modified mode [ 'nan_converters.h', 436, 438 ]
259 silly gunzTarPerm extractEntry README.md
260 silly gunzTarPerm modified mode [ 'README.md', 420, 438 ]
261 silly gunzTarPerm extractEntry .npmignore
262 silly gunzTarPerm extractEntry meterOneCalibration.js
263 silly gunzTarPerm extractEntry .travis.yml
264 silly gunzTarPerm modified mode [ '.travis.yml', 420, 438 ]
265 silly gunzTarPerm extractEntry panelMeter.js
266 silly gunzTarPerm extractEntry .vscode/launch.json
267 silly gunzTarPerm extractEntry LICENSE.md
268 silly gunzTarPerm modified mode [ 'LICENSE.md', 436, 438 ]
269 silly gunzTarPerm extractEntry .dntrc
270 silly gunzTarPerm modified mode [ '.dntrc', 436, 438 ]
271 silly gunzTarPerm extractEntry binding.gyp
272 silly gunzTarPerm modified mode [ 'binding.gyp', 420, 438 ]
273 silly gunzTarPerm extractEntry build/Makefile
274 silly gunzTarPerm modified mode [ 'build/Makefile', 420, 438 ]
275 silly gunzTarPerm extractEntry build/Release/.deps/Release/obj.target/rpio/src/bcm2835.o.d
276 silly gunzTarPerm modified mode [ 'build/Release/.deps/Release/obj.target/rpio/src/bcm2835.o.d',
276 silly gunzTarPerm   420,
276 silly gunzTarPerm   438 ]
277 silly gunzTarPerm extractEntry build/Release/.deps/Release/obj.target/rpio/src/rpio.o.d
278 silly gunzTarPerm modified mode [ 'build/Release/.deps/Release/obj.target/rpio/src/rpio.o.d',
278 silly gunzTarPerm   420,
278 silly gunzTarPerm   438 ]
279 silly gunzTarPerm extractEntry pullRun
280 silly gunzTarPerm extractEntry appveyor.yml
281 silly gunzTarPerm modified mode [ 'appveyor.yml', 436, 438 ]
282 silly gunzTarPerm extractEntry doc/new.md
283 silly gunzTarPerm modified mode [ 'doc/new.md', 436, 438 ]
284 silly gunzTarPerm extractEntry doc/.build.sh
285 silly gunzTarPerm modified mode [ 'doc/.build.sh', 509, 511 ]
286 silly gunzTarPerm extractEntry build/Release/.deps/Release/rpio.node.d
287 silly gunzTarPerm modified mode [ 'build/Release/.deps/Release/rpio.node.d', 420, 438 ]
288 silly gunzTarPerm extractEntry build/Release/obj.target/rpio/src/bcm2835.o
289 silly gunzTarPerm modified mode [ 'build/Release/obj.target/rpio/src/bcm2835.o', 420, 438 ]
290 silly gunzTarPerm extractEntry doc/buffers.md
291 silly gunzTarPerm modified mode [ 'doc/buffers.md', 436, 438 ]
292 silly gunzTarPerm extractEntry doc/callback.md
293 silly gunzTarPerm modified mode [ 'doc/callback.md', 436, 438 ]
294 silly gunzTarPerm extractEntry build/Release/obj.target/rpio/src/rpio.o
295 silly gunzTarPerm modified mode [ 'build/Release/obj.target/rpio/src/rpio.o', 420, 438 ]
296 silly gunzTarPerm extractEntry build/Release/rpio.node
297 silly gunzTarPerm modified mode [ 'build/Release/rpio.node', 493, 511 ]
298 silly gunzTarPerm extractEntry doc/converters.md
299 silly gunzTarPerm modified mode [ 'doc/converters.md', 436, 438 ]
300 silly gunzTarPerm extractEntry doc/errors.md
301 silly gunzTarPerm modified mode [ 'doc/errors.md', 436, 438 ]
302 silly gunzTarPerm extractEntry build/binding.Makefile
303 silly gunzTarPerm modified mode [ 'build/binding.Makefile', 420, 438 ]
304 silly gunzTarPerm extractEntry build/gyp-mac-tool
305 silly gunzTarPerm modified mode [ 'build/gyp-mac-tool', 493, 511 ]
306 silly gentlyRm C:\Users\John Rucker\AppData\Roaming\npm\node_modules\.staging\bindings-363f3bb1\node_modules is being purged
307 verbose gentlyRm don't care about contents; nuking C:\Users\John Rucker\AppData\Roaming\npm\node_modules\.staging\bindings-363f3bb1\node_modules
308 silly gunzTarPerm extractEntry doc/maybe_types.md
309 silly gunzTarPerm modified mode [ 'doc/maybe_types.md', 436, 438 ]
310 silly gunzTarPerm extractEntry doc/methods.md
311 silly gunzTarPerm modified mode [ 'doc/methods.md', 436, 438 ]
312 silly gunzTarPerm extractEntry build/rpio.target.mk
313 silly gunzTarPerm modified mode [ 'build/rpio.target.mk', 420, 438 ]
314 silly gentlyRm C:\Users\John Rucker\AppData\Roaming\npm\node_modules\.staging\panelmeter-95dd095e\node_modules is being purged
315 verbose gentlyRm don't care about contents; nuking C:\Users\John Rucker\AppData\Roaming\npm\node_modules\.staging\panelmeter-95dd095e\node_modules
316 silly gunzTarPerm extractEntry doc/asyncworker.md
317 silly gunzTarPerm modified mode [ 'doc/asyncworker.md', 436, 438 ]
318 silly gunzTarPerm extractEntry doc/node_misc.md
319 silly gunzTarPerm modified mode [ 'doc/node_misc.md', 436, 438 ]
320 silly gunzTarPerm extractEntry examples/button.js
321 silly gunzTarPerm modified mode [ 'examples/button.js', 420, 438 ]
322 silly gunzTarPerm extractEntry examples/dht11.js
323 silly gunzTarPerm modified mode [ 'examples/dht11.js', 420, 438 ]
324 silly gunzTarPerm extractEntry doc/object_wrappers.md
325 silly gunzTarPerm modified mode [ 'doc/object_wrappers.md', 436, 438 ]
326 silly gunzTarPerm extractEntry doc/persistent.md
327 silly gunzTarPerm modified mode [ 'doc/persistent.md', 436, 438 ]
328 silly gunzTarPerm extractEntry examples/i2c-lcd.js
329 silly gunzTarPerm modified mode [ 'examples/i2c-lcd.js', 420, 438 ]
330 silly gunzTarPerm extractEntry examples/padcontrol.js
331 silly gunzTarPerm modified mode [ 'examples/padcontrol.js', 420, 438 ]
332 silly gunzTarPerm extractEntry doc/scopes.md
333 silly gunzTarPerm modified mode [ 'doc/scopes.md', 436, 438 ]
334 silly gunzTarPerm extractEntry doc/script.md
335 silly gunzTarPerm modified mode [ 'doc/script.md', 436, 438 ]
336 silly gunzTarPerm extractEntry examples/pwm-led.js
337 silly gunzTarPerm modified mode [ 'examples/pwm-led.js', 420, 438 ]
338 silly gunzTarPerm extractEntry examples/spi-at93c46.js
339 silly gunzTarPerm modified mode [ 'examples/spi-at93c46.js', 420, 438 ]
340 silly gunzTarPerm extractEntry lib/rpio.js
341 silly gunzTarPerm modified mode [ 'lib/rpio.js', 420, 438 ]
342 silly gunzTarPerm extractEntry src/bcm2835.c
343 silly gunzTarPerm modified mode [ 'src/bcm2835.c', 420, 438 ]
344 silly gunzTarPerm extractEntry src/bcm2835.h
345 silly gunzTarPerm modified mode [ 'src/bcm2835.h', 420, 438 ]
346 silly gunzTarPerm extractEntry src/rpio.cc
347 silly gunzTarPerm modified mode [ 'src/rpio.cc', 420, 438 ]
348 silly gunzTarPerm extractEntry doc/string_bytes.md
349 silly gunzTarPerm modified mode [ 'doc/string_bytes.md', 436, 438 ]
350 silly gunzTarPerm extractEntry doc/v8_internals.md
351 silly gunzTarPerm modified mode [ 'doc/v8_internals.md', 436, 438 ]
352 silly gunzTarPerm extractEntry doc/v8_misc.md
353 silly gunzTarPerm modified mode [ 'doc/v8_misc.md', 436, 438 ]
354 silly gunzTarPerm extractEntry nan.h
355 silly gunzTarPerm modified mode [ 'nan.h', 436, 438 ]
356 silly gunzTarPerm extractEntry nan_callbacks.h
357 silly gunzTarPerm modified mode [ 'nan_callbacks.h', 436, 438 ]
358 silly gunzTarPerm extractEntry nan_callbacks_12_inl.h
359 silly gunzTarPerm modified mode [ 'nan_callbacks_12_inl.h', 436, 438 ]
360 silly gunzTarPerm extractEntry nan_callbacks_pre_12_inl.h
361 silly gunzTarPerm modified mode [ 'nan_callbacks_pre_12_inl.h', 436, 438 ]
362 silly gunzTarPerm extractEntry nan_converters_43_inl.h
363 silly gunzTarPerm modified mode [ 'nan_converters_43_inl.h', 436, 438 ]
364 silly gunzTarPerm extractEntry nan_converters_pre_43_inl.h
365 silly gunzTarPerm modified mode [ 'nan_converters_pre_43_inl.h', 436, 438 ]
366 silly gunzTarPerm extractEntry nan_implementation_12_inl.h
367 silly gunzTarPerm modified mode [ 'nan_implementation_12_inl.h', 436, 438 ]
368 silly gunzTarPerm extractEntry nan_implementation_pre_12_inl.h
369 silly gunzTarPerm modified mode [ 'nan_implementation_pre_12_inl.h', 436, 438 ]
370 silly gunzTarPerm extractEntry nan_maybe_43_inl.h
371 silly gunzTarPerm modified mode [ 'nan_maybe_43_inl.h', 436, 438 ]
372 silly gunzTarPerm extractEntry nan_maybe_pre_43_inl.h
373 silly gunzTarPerm modified mode [ 'nan_maybe_pre_43_inl.h', 436, 438 ]
374 silly gunzTarPerm extractEntry nan_new.h
375 silly gunzTarPerm modified mode [ 'nan_new.h', 436, 438 ]
376 silly gunzTarPerm extractEntry nan_object_wrap.h
377 silly gunzTarPerm modified mode [ 'nan_object_wrap.h', 436, 438 ]
378 silly gunzTarPerm extractEntry nan_persistent_12_inl.h
379 silly gunzTarPerm modified mode [ 'nan_persistent_12_inl.h', 436, 438 ]
380 silly gunzTarPerm extractEntry nan_persistent_pre_12_inl.h
381 silly gunzTarPerm modified mode [ 'nan_persistent_pre_12_inl.h', 436, 438 ]
382 silly gunzTarPerm extractEntry nan_string_bytes.h
383 silly gunzTarPerm modified mode [ 'nan_string_bytes.h', 436, 438 ]
384 silly gunzTarPerm extractEntry nan_typedarray_contents.h
385 silly gunzTarPerm modified mode [ 'nan_typedarray_contents.h', 436, 438 ]
386 silly gunzTarPerm extractEntry nan_weak.h
387 silly gunzTarPerm modified mode [ 'nan_weak.h', 436, 438 ]
388 silly gunzTarPerm extractEntry CHANGELOG.md
389 silly gunzTarPerm modified mode [ 'CHANGELOG.md', 436, 438 ]
390 silly gunzTarPerm extractEntry tools/package.json
391 silly gunzTarPerm modified mode [ 'tools/package.json', 436, 438 ]
392 silly gunzTarPerm extractEntry tools/README.md
393 silly gunzTarPerm modified mode [ 'tools/README.md', 436, 438 ]
394 silly gunzTarPerm extractEntry tools/1to2.js
395 silly gunzTarPerm modified mode [ 'tools/1to2.js', 509, 511 ]
396 silly gentlyRm C:\Users\John Rucker\AppData\Roaming\npm\node_modules\.staging\rpio-378a8219\node_modules is being purged
397 verbose gentlyRm don't care about contents; nuking C:\Users\John Rucker\AppData\Roaming\npm\node_modules\.staging\rpio-378a8219\node_modules
398 silly gentlyRm C:\Users\John Rucker\AppData\Roaming\npm\node_modules\.staging\nan-4150ec56\node_modules is being purged
399 verbose gentlyRm don't care about contents; nuking C:\Users\John Rucker\AppData\Roaming\npm\node_modules\.staging\nan-4150ec56\node_modules
400 silly doParallel preinstall 4
401 silly preinstall bindings@1.2.1 C:\Users\John Rucker\AppData\Roaming\npm\node_modules\.staging\bindings-363f3bb1
402 info lifecycle bindings@1.2.1~preinstall: bindings@1.2.1
403 silly preinstall nan@2.2.1 C:\Users\John Rucker\AppData\Roaming\npm\node_modules\.staging\nan-4150ec56
404 info lifecycle nan@2.2.1~preinstall: nan@2.2.1
405 silly preinstall rpio@0.9.10 C:\Users\John Rucker\AppData\Roaming\npm\node_modules\.staging\rpio-378a8219
406 info lifecycle rpio@0.9.10~preinstall: rpio@0.9.10
407 silly preinstall panelmeter@1.0.0 C:\Users\John Rucker\AppData\Roaming\npm\node_modules\.staging\panelmeter-95dd095e
408 info lifecycle panelmeter@1.0.0~preinstall: panelmeter@1.0.0
409 silly lifecycle bindings@1.2.1~preinstall: no script for preinstall, continuing
410 silly lifecycle nan@2.2.1~preinstall: no script for preinstall, continuing
411 silly lifecycle rpio@0.9.10~preinstall: no script for preinstall, continuing
412 silly lifecycle panelmeter@1.0.0~preinstall: no script for preinstall, continuing
413 silly doReverseSerial remove 0
414 silly doSerial move 0
415 silly doSerial finalize 4
416 silly finalize C:\Users\John Rucker\AppData\Roaming\npm\node_modules\panelmeter\node_modules\bindings
417 silly finalize C:\Users\John Rucker\AppData\Roaming\npm\node_modules\panelmeter\node_modules\nan
418 silly finalize C:\Users\John Rucker\AppData\Roaming\npm\node_modules\panelmeter\node_modules\rpio
419 silly finalize C:\Users\John Rucker\AppData\Roaming\npm\node_modules\panelmeter
420 silly doSerial build 4
421 silly build bindings@1.2.1
422 info linkStuff bindings@1.2.1
423 silly linkStuff bindings@1.2.1 has C:\Users\John Rucker\AppData\Roaming\npm\node_modules\panelmeter\node_modules as its parent node_modules
424 silly linkStuff bindings@1.2.1 is part of a global install
425 silly linkStuff bindings@1.2.1 is installed into a global node_modules
426 verbose linkBins bindings@1.2.1
427 verbose linkMans bindings@1.2.1
428 silly build nan@2.2.1
429 info linkStuff nan@2.2.1
430 silly linkStuff nan@2.2.1 has C:\Users\John Rucker\AppData\Roaming\npm\node_modules\panelmeter\node_modules as its parent node_modules
431 silly linkStuff nan@2.2.1 is part of a global install
432 silly linkStuff nan@2.2.1 is installed into a global node_modules
433 verbose linkBins nan@2.2.1
434 verbose linkMans nan@2.2.1
435 silly build rpio@0.9.10
436 info linkStuff rpio@0.9.10
437 silly linkStuff rpio@0.9.10 has C:\Users\John Rucker\AppData\Roaming\npm\node_modules\panelmeter\node_modules as its parent node_modules
438 silly linkStuff rpio@0.9.10 is part of a global install
439 silly linkStuff rpio@0.9.10 is installed into a global node_modules
440 verbose linkBins rpio@0.9.10
441 verbose linkMans rpio@0.9.10
442 silly build panelmeter@1.0.0
443 info linkStuff panelmeter@1.0.0
444 silly linkStuff panelmeter@1.0.0 has C:\Users\John Rucker\AppData\Roaming\npm\node_modules as its parent node_modules
445 silly linkStuff panelmeter@1.0.0 is part of a global install
446 silly linkStuff panelmeter@1.0.0 is installed into a global node_modules
447 silly linkStuff panelmeter@1.0.0 is installed into the top-level global node_modules
448 verbose linkBins panelmeter@1.0.0
449 verbose linkMans panelmeter@1.0.0
450 silly doSerial global-link 0
451 silly doParallel update-linked 0
452 silly doSerial install 4
453 silly install bindings@1.2.1 C:\Users\John Rucker\AppData\Roaming\npm\node_modules\.staging\bindings-363f3bb1
454 info lifecycle bindings@1.2.1~install: bindings@1.2.1
455 silly lifecycle bindings@1.2.1~install: no script for install, continuing
456 silly install nan@2.2.1 C:\Users\John Rucker\AppData\Roaming\npm\node_modules\.staging\nan-4150ec56
457 info lifecycle nan@2.2.1~install: nan@2.2.1
458 silly lifecycle nan@2.2.1~install: no script for install, continuing
459 silly install rpio@0.9.10 C:\Users\John Rucker\AppData\Roaming\npm\node_modules\.staging\rpio-378a8219
460 info lifecycle rpio@0.9.10~install: rpio@0.9.10
461 verbose lifecycle rpio@0.9.10~install: unsafe-perm in lifecycle true
462 verbose lifecycle rpio@0.9.10~install: PATH: C:\Program Files\nodejs\node_modules\npm\bin\node-gyp-bin;C:\Users\John Rucker\AppData\Roaming\npm\node_modules\panelmeter\node_modules\rpio\node_modules\.bin;C:\Users\John Rucker\AppData\Roaming\npm\node_modules\panelmeter\node_modules\.bin;C:\Users\John Rucker\AppData\Roaming\npm\node_modules\.bin;C:\Program Files\nodejs;C:\Windows\system32;C:\Windows;C:\Windows\System32\Wbem;C:\Windows\System32\WindowsPowerShell\v1.0\;C:\Program Files (x86)\ATI Technologies\ATI.ACE\Core-Static;C:\Program Files (x86)\Microsoft SQL Server\100\Tools\Binn\;C:\Program Files\Microsoft SQL Server\100\Tools\Binn\;C:\Program Files\Microsoft SQL Server\100\DTS\Binn\;C:\Program Files\Microsoft SQL Server\110\Tools\Binn\;C:\Program Files (x86)\QuickTime\QTSystem\;C:\Program Files (x86)\Skype\Phone\;%USERPROFILE%\.dnx\bin;C:\Program Files\Microsoft DNX\Dnvm\;C:\Program Files\nodejs\;;C:\propgcc\bin;C:\Program Files (x86)\Microsoft VS Code\bin;C:\Users\John Rucker\AppData\Roaming\npm
463 verbose lifecycle rpio@0.9.10~install: CWD: C:\Users\John Rucker\AppData\Roaming\npm\node_modules\panelmeter\node_modules\rpio
464 silly lifecycle rpio@0.9.10~install: Args: [ '/d /s /c', 'node-gyp rebuild' ]
465 silly lifecycle rpio@0.9.10~install: Returned: code: 1  signal: null
466 info lifecycle rpio@0.9.10~install: Failed to exec install script
467 verbose unlock done using C:\Users\John Rucker\AppData\Roaming\npm-cache\_locks\staging-94061b44dc969edb.lock for C:\Users\John Rucker\AppData\Roaming\npm\node_modules\.staging
468 silly rollbackFailedOptional Starting
469 silly rollbackFailedOptional Finishing
470 silly runTopLevelLifecycles Starting
471 silly runTopLevelLifecycles Finishing
472 silly install printInstalled
473 verbose stack Error: rpio@0.9.10 install: `node-gyp rebuild`
473 verbose stack Exit status 1
473 verbose stack     at EventEmitter.<anonymous> (C:\Program Files\nodejs\node_modules\npm\lib\utils\lifecycle.js:239:16)
473 verbose stack     at emitTwo (events.js:100:13)
473 verbose stack     at EventEmitter.emit (events.js:185:7)
473 verbose stack     at ChildProcess.<anonymous> (C:\Program Files\nodejs\node_modules\npm\lib\utils\spawn.js:24:14)
473 verbose stack     at emitTwo (events.js:100:13)
473 verbose stack     at ChildProcess.emit (events.js:185:7)
473 verbose stack     at maybeClose (internal/child_process.js:850:16)
473 verbose stack     at Process.ChildProcess._handle.onexit (internal/child_process.js:215:5)
474 verbose pkgid rpio@0.9.10
475 verbose cwd C:\Users\John Rucker\NodeCode\PiProjects\panelMeter
476 error Windows_NT 6.1.7601
477 error argv "C:\\Program Files\\nodejs\\node.exe" "C:\\Program Files\\nodejs\\node_modules\\npm\\bin\\npm-cli.js" "install" "." "-g"
478 error node v5.10.1
479 error npm  v3.8.3
480 error code ELIFECYCLE
481 error rpio@0.9.10 install: `node-gyp rebuild`
481 error Exit status 1
482 error Failed at the rpio@0.9.10 install script 'node-gyp rebuild'.
482 error Make sure you have the latest version of node.js and npm installed.
482 error If you do, this is most likely a problem with the rpio package,
482 error not with npm itself.
482 error Tell the author that this fails on your system:
482 error     node-gyp rebuild
482 error You can get information on how to open an issue for this project with:
482 error     npm bugs rpio
482 error Or if that isn't available, you can get their info via:
482 error     npm owner ls rpio
482 error There is likely additional logging output above.
483 verbose exit [ 1, true ]
